<?xml version="1.0" encoding="UTF-8"?>
<testsuites name="21125063" time="436.668" tests="10" failures="0" errors="0">
   <testsuite name="21125063" tests="10" failures="0" errors="0" time="436.668" skipped="0" timestamp="08-01-2024T17:13:05" hostname="tansa - home" id="Test Suites/21125063">
      <properties>
[...]
</properties>
      <testcase name="Test Cases/UC03-UI01-Input1" time="49.346" classname="Test Cases/UC03-UI01-Input1" status="PASSED">
         <system-out><![CDATA[08-01-2024T17:13:05 - [TEST_CASE][PASSED] - Test Cases/UC03-UI01-Input1: Test Cases/UC03-UI01-Input1

08-01-2024T17:13:06 - [TEST_STEP][PASSED] - startExistingApplication("com.example.morello"): Starting app with application ID: 'com.example.morello'

08-01-2024T17:13:06 - [MESSAGE][INFO] - Detected NodeJS location: "C:\Program Files\nodejs\node.exe"

08-01-2024T17:13:12 - [MESSAGE][INFO] - PATH: C:\Program Files\nodejs;

08-01-2024T17:13:12 - [MESSAGE][INFO] - APPIUM_HOME: C:\Users\tansa\.appium

08-01-2024T17:13:12 - [MESSAGE][INFO] - appium outlog: D:\morello-app\test-automation\21125063\21125063\Reports\20240108_171259\21125063\20240108_171259\appium.log

08-01-2024T17:13:12 - [MESSAGE][INFO] - appium errlog: D:\morello-app\test-automation\21125063\21125063\Reports\20240108_171259\21125063\20240108_171259\appium_error.log

08-01-2024T17:13:15 - [MESSAGE][INFO] - Appium server started on port 16,443

08-01-2024T17:13:27 - [MESSAGE][PASSED] - Starting app with application ID: 'com.example.morello'

08-01-2024T17:13:27 - [TEST_STEP][PASSED] - takeScreenshot("C:\Users\tansa\AppData\Local\Temp\screenshot10202081585241260803.png"): Screenshot is taken

08-01-2024T17:13:28 - [MESSAGE][PASSED] - Screenshot is taken
[[ATTACHMENT|C:\Users\tansa\AppData\Local\Temp\screenshot10202081585241260803.png]]

08-01-2024T17:13:28 - [TEST_STEP][PASSED] - sendKeys(findTestObject("Object Repository/UC03-UI01/android.widget.EditText"), "admin@morello.app"): Send keys 'admin@morello.app' on test object 'Object Repository/UC03-UI01/android.widget.EditText' successfully.

08-01-2024T17:13:30 - [MESSAGE][PASSED] - Send keys 'admin@morello.app' on test object 'Object Repository/UC03-UI01/android.widget.EditText' successfully.

08-01-2024T17:13:30 - [TEST_STEP][PASSED] - sendKeys(findTestObject("Object Repository/UC03-UI01/android.widget.EditText (1)"), "admin"): Send keys 'admin' on test object 'Object Repository/UC03-UI01/android.widget.EditText (1)' successfully.

08-01-2024T17:13:31 - [MESSAGE][PASSED] - Send keys 'admin' on test object 'Object Repository/UC03-UI01/android.widget.EditText (1)' successfully.

08-01-2024T17:13:31 - [TEST_STEP][PASSED] - tap(findTestObject("Object Repository/UC03-UI01/android.widget.Button"), 0): Tapped on element 'Object Repository/UC03-UI01/android.widget.Button'

08-01-2024T17:13:31 - [MESSAGE][WARNING] - Timeout '0' is invalid. Using default page load timeout: '30'

08-01-2024T17:13:32 - [MESSAGE][PASSED] - Tapped on element 'Object Repository/UC03-UI01/android.widget.Button'

08-01-2024T17:13:32 - [TEST_STEP][PASSED] - takeScreenshot("C:\Users\tansa\AppData\Local\Temp\screenshot1533464508948811551.png"): Screenshot is taken

08-01-2024T17:13:33 - [MESSAGE][PASSED] - Screenshot is taken
[[ATTACHMENT|C:\Users\tansa\AppData\Local\Temp\screenshot1533464508948811551.png]]

08-01-2024T17:13:33 - [TEST_STEP][PASSED] - tap(findTestObject("Object Repository/UC03-UI01/android.view.View"), 0): Tapped on element 'Object Repository/UC03-UI01/android.view.View'

08-01-2024T17:13:33 - [MESSAGE][WARNING] - Timeout '0' is invalid. Using default page load timeout: '30'

08-01-2024T17:13:35 - [MESSAGE][PASSED] - Tapped on element 'Object Repository/UC03-UI01/android.view.View'

08-01-2024T17:13:35 - [TEST_STEP][PASSED] - takeScreenshot("C:\Users\tansa\AppData\Local\Temp\screenshot10946887393192006368.png"): Screenshot is taken

08-01-2024T17:13:36 - [MESSAGE][PASSED] - Screenshot is taken
[[ATTACHMENT|C:\Users\tansa\AppData\Local\Temp\screenshot10946887393192006368.png]]

08-01-2024T17:13:36 - [TEST_STEP][PASSED] - tap(findTestObject("Object Repository/UC03-UI01/android.widget.Button (1)"), 0): Tapped on element 'Object Repository/UC03-UI01/android.widget.Button (1)'

08-01-2024T17:13:36 - [MESSAGE][WARNING] - Timeout '0' is invalid. Using default page load timeout: '30'

08-01-2024T17:13:38 - [MESSAGE][PASSED] - Tapped on element 'Object Repository/UC03-UI01/android.widget.Button (1)'

08-01-2024T17:13:38 - [TEST_STEP][PASSED] - tap(findTestObject("Object Repository/UC03-UI01/android.widget.Button (1)"), 0): Tapped on element 'Object Repository/UC03-UI01/android.widget.Button (1)'

08-01-2024T17:13:38 - [MESSAGE][WARNING] - Timeout '0' is invalid. Using default page load timeout: '30'

08-01-2024T17:13:39 - [MESSAGE][PASSED] - Tapped on element 'Object Repository/UC03-UI01/android.widget.Button (1)'

08-01-2024T17:13:39 - [TEST_STEP][PASSED] - sendKeys(findTestObject("Object Repository/UC03-UI01/android.widget.EditText"), "345678"): Send keys '345678' on test object 'Object Repository/UC03-UI01/android.widget.EditText' successfully.

08-01-2024T17:13:41 - [MESSAGE][PASSED] - Send keys '345678' on test object 'Object Repository/UC03-UI01/android.widget.EditText' successfully.

08-01-2024T17:13:41 - [TEST_STEP][PASSED] - sendKeys(findTestObject("Object Repository/UC03-UI01/android.widget.EditText (1)"), "Medical Insurance"): Send keys 'Medical Insurance' on test object 'Object Repository/UC03-UI01/android.widget.EditText (1)' successfully.

08-01-2024T17:13:42 - [MESSAGE][PASSED] - Send keys 'Medical Insurance' on test object 'Object Repository/UC03-UI01/android.widget.EditText (1)' successfully.

08-01-2024T17:13:42 - [TEST_STEP][PASSED] - sendKeys(findTestObject("Object Repository/UC03-UI01/android.widget.EditText (2)"), "Medical insurance fee in new school year"): Send keys 'Medical insurance fee in new school year' on test object 'Object Repository/UC03-UI01/android.widget.EditText (2)' successfully.

08-01-2024T17:13:44 - [MESSAGE][PASSED] - Send keys 'Medical insurance fee in new school year' on test object 'Object Repository/UC03-UI01/android.widget.EditText (2)' successfully.

08-01-2024T17:13:44 - [TEST_STEP][PASSED] - tap(findTestObject("Object Repository/UC03-UI01/android.widget.Button"), 0): Tapped on element 'Object Repository/UC03-UI01/android.widget.Button'

08-01-2024T17:13:44 - [MESSAGE][WARNING] - Timeout '0' is invalid. Using default page load timeout: '30'

08-01-2024T17:13:44 - [MESSAGE][PASSED] - Tapped on element 'Object Repository/UC03-UI01/android.widget.Button'

08-01-2024T17:13:44 - [TEST_STEP][PASSED] - tap(findTestObject("Object Repository/UC03-UI01/android.widget.Button (2)"), 0): Tapped on element 'Object Repository/UC03-UI01/android.widget.Button (2)'

08-01-2024T17:13:44 - [MESSAGE][WARNING] - Timeout '0' is invalid. Using default page load timeout: '30'

08-01-2024T17:13:47 - [MESSAGE][PASSED] - Tapped on element 'Object Repository/UC03-UI01/android.widget.Button (2)'

08-01-2024T17:13:47 - [TEST_STEP][PASSED] - tap(findTestObject("Object Repository/UC03-UI01/android.widget.Button (3)"), 0): Tapped on element 'Object Repository/UC03-UI01/android.widget.Button (3)'

08-01-2024T17:13:47 - [MESSAGE][WARNING] - Timeout '0' is invalid. Using default page load timeout: '30'

08-01-2024T17:13:50 - [MESSAGE][PASSED] - Tapped on element 'Object Repository/UC03-UI01/android.widget.Button (3)'

08-01-2024T17:13:50 - [TEST_STEP][PASSED] - tap(findTestObject("Object Repository/UC03-UI01/android.widget.TextView - Create"), 0): Tapped on element 'Object Repository/UC03-UI01/android.widget.TextView - Create'

08-01-2024T17:13:50 - [MESSAGE][WARNING] - Timeout '0' is invalid. Using default page load timeout: '30'

08-01-2024T17:13:50 - [MESSAGE][PASSED] - Tapped on element 'Object Repository/UC03-UI01/android.widget.TextView - Create'

08-01-2024T17:13:50 - [TEST_STEP][PASSED] - takeScreenshot("C:\Users\tansa\AppData\Local\Temp\screenshot8929733198654938877.png"): Screenshot is taken

08-01-2024T17:13:51 - [MESSAGE][PASSED] - Screenshot is taken
[[ATTACHMENT|C:\Users\tansa\AppData\Local\Temp\screenshot8929733198654938877.png]]

08-01-2024T17:13:51 - [TEST_STEP][PASSED] - verifyElementVisible(findTestObject("Object Repository/UC03-UI01/android.widget.TextView - family"), 0): Element 'Object Repository/UC03-UI01/android.widget.TextView - family' is visible

08-01-2024T17:13:51 - [MESSAGE][WARNING] - Timeout '0' is invalid. Using default page load timeout: '30'

08-01-2024T17:13:53 - [MESSAGE][PASSED] - Element 'Object Repository/UC03-UI01/android.widget.TextView - family' is visible

08-01-2024T17:13:53 - [TEST_STEP][PASSED] - verifyElementExist(findTestObject("Object Repository/UC03-UI01/android.view.View (1)"), 0): Element 'Object Repository/UC03-UI01/android.view.View (1)' is exist

08-01-2024T17:13:53 - [MESSAGE][WARNING] - Timeout '0' is invalid. Using default page load timeout: '30'

08-01-2024T17:13:54 - [MESSAGE][PASSED] - Element 'Object Repository/UC03-UI01/android.view.View (1)' is exist

08-01-2024T17:13:54 - [TEST_STEP][PASSED] - closeApplication(): Close app successfully

08-01-2024T17:13:54 - [MESSAGE][PASSED] - Close app successfully]]></system-out>
         <system-err><![CDATA[]]></system-err>
      </testcase>
      <testcase name="Test Cases/UC03-UI01-Input2" time="44.015" classname="Test Cases/UC03-UI01-Input2" status="PASSED">
         <system-out><![CDATA[08-01-2024T17:13:54 - [TEST_CASE][PASSED] - Test Cases/UC03-UI01-Input2: Test Cases/UC03-UI01-Input2

08-01-2024T17:13:55 - [TEST_STEP][PASSED] - startExistingApplication("com.example.morello"): Starting app with application ID: 'com.example.morello'

08-01-2024T17:13:55 - [MESSAGE][INFO] - Detected NodeJS location: "C:\Program Files\nodejs\node.exe"

08-01-2024T17:14:00 - [MESSAGE][INFO] - PATH: C:\Program Files\nodejs;

08-01-2024T17:14:00 - [MESSAGE][INFO] - APPIUM_HOME: C:\Users\tansa\.appium

08-01-2024T17:14:00 - [MESSAGE][INFO] - appium outlog: D:\morello-app\test-automation\21125063\21125063\Reports\20240108_171259\21125063\20240108_171259\appium.log

08-01-2024T17:14:00 - [MESSAGE][INFO] - appium errlog: D:\morello-app\test-automation\21125063\21125063\Reports\20240108_171259\21125063\20240108_171259\appium_error.log

08-01-2024T17:14:02 - [MESSAGE][INFO] - Appium server started on port 16,791

08-01-2024T17:14:12 - [MESSAGE][PASSED] - Starting app with application ID: 'com.example.morello'

08-01-2024T17:14:12 - [TEST_STEP][PASSED] - takeScreenshot("C:\Users\tansa\AppData\Local\Temp\screenshot10202081585241260803.png"): Screenshot is taken

08-01-2024T17:14:13 - [MESSAGE][PASSED] - Screenshot is taken
[[ATTACHMENT|C:\Users\tansa\AppData\Local\Temp\screenshot10202081585241260803.png]]

08-01-2024T17:14:13 - [TEST_STEP][PASSED] - sendKeys(findTestObject("Object Repository/UC03-UI01/android.widget.EditText"), "admin@morello.app"): Send keys 'admin@morello.app' on test object 'Object Repository/UC03-UI01/android.widget.EditText' successfully.

08-01-2024T17:14:15 - [MESSAGE][PASSED] - Send keys 'admin@morello.app' on test object 'Object Repository/UC03-UI01/android.widget.EditText' successfully.

08-01-2024T17:14:15 - [TEST_STEP][PASSED] - sendKeys(findTestObject("Object Repository/UC03-UI01/android.widget.EditText (1)"), "admin"): Send keys 'admin' on test object 'Object Repository/UC03-UI01/android.widget.EditText (1)' successfully.

08-01-2024T17:14:15 - [MESSAGE][PASSED] - Send keys 'admin' on test object 'Object Repository/UC03-UI01/android.widget.EditText (1)' successfully.

08-01-2024T17:14:15 - [TEST_STEP][PASSED] - tap(findTestObject("Object Repository/UC03-UI01/android.widget.Button"), 0): Tapped on element 'Object Repository/UC03-UI01/android.widget.Button'

08-01-2024T17:14:15 - [MESSAGE][WARNING] - Timeout '0' is invalid. Using default page load timeout: '30'

08-01-2024T17:14:16 - [MESSAGE][PASSED] - Tapped on element 'Object Repository/UC03-UI01/android.widget.Button'

08-01-2024T17:14:16 - [TEST_STEP][PASSED] - takeScreenshot("C:\Users\tansa\AppData\Local\Temp\screenshot1533464508948811551.png"): Screenshot is taken

08-01-2024T17:14:17 - [MESSAGE][PASSED] - Screenshot is taken
[[ATTACHMENT|C:\Users\tansa\AppData\Local\Temp\screenshot1533464508948811551.png]]

08-01-2024T17:14:17 - [TEST_STEP][PASSED] - tap(findTestObject("Object Repository/UC03-UI01/android.view.View"), 0): Tapped on element 'Object Repository/UC03-UI01/android.view.View'

08-01-2024T17:14:17 - [MESSAGE][WARNING] - Timeout '0' is invalid. Using default page load timeout: '30'

08-01-2024T17:14:20 - [MESSAGE][PASSED] - Tapped on element 'Object Repository/UC03-UI01/android.view.View'

08-01-2024T17:14:20 - [TEST_STEP][PASSED] - takeScreenshot("C:\Users\tansa\AppData\Local\Temp\screenshot10946887393192006368.png"): Screenshot is taken

08-01-2024T17:14:21 - [MESSAGE][PASSED] - Screenshot is taken
[[ATTACHMENT|C:\Users\tansa\AppData\Local\Temp\screenshot10946887393192006368.png]]

08-01-2024T17:14:21 - [TEST_STEP][PASSED] - tap(findTestObject("Object Repository/UC03-UI01/android.widget.Button (1)"), 0): Tapped on element 'Object Repository/UC03-UI01/android.widget.Button (1)'

08-01-2024T17:14:21 - [MESSAGE][WARNING] - Timeout '0' is invalid. Using default page load timeout: '30'

08-01-2024T17:14:22 - [MESSAGE][PASSED] - Tapped on element 'Object Repository/UC03-UI01/android.widget.Button (1)'

08-01-2024T17:14:22 - [TEST_STEP][PASSED] - tap(findTestObject("Object Repository/UC03-UI01/android.widget.Button (1)"), 0): Tapped on element 'Object Repository/UC03-UI01/android.widget.Button (1)'

08-01-2024T17:14:22 - [MESSAGE][WARNING] - Timeout '0' is invalid. Using default page load timeout: '30'

08-01-2024T17:14:24 - [MESSAGE][PASSED] - Tapped on element 'Object Repository/UC03-UI01/android.widget.Button (1)'

08-01-2024T17:14:24 - [TEST_STEP][PASSED] - sendKeys(findTestObject("Object Repository/UC03-UI01/android.widget.EditText"), "100000"): Send keys '100000' on test object 'Object Repository/UC03-UI01/android.widget.EditText' successfully.

08-01-2024T17:14:25 - [MESSAGE][PASSED] - Send keys '100000' on test object 'Object Repository/UC03-UI01/android.widget.EditText' successfully.

08-01-2024T17:14:25 - [TEST_STEP][PASSED] - sendKeys(findTestObject("Object Repository/UC03-UI01/android.widget.EditText (1)"), "Buying time for this semester"): Send keys 'Buying time for this semester' on test object 'Object Repository/UC03-UI01/android.widget.EditText (1)' successfully.

08-01-2024T17:14:26 - [MESSAGE][PASSED] - Send keys 'Buying time for this semester' on test object 'Object Repository/UC03-UI01/android.widget.EditText (1)' successfully.

08-01-2024T17:14:26 - [TEST_STEP][PASSED] - sendKeys(findTestObject("Object Repository/UC03-UI01/android.widget.EditText (2)"), "This semester is cursed"): Send keys 'This semester is cursed' on test object 'Object Repository/UC03-UI01/android.widget.EditText (2)' successfully.

08-01-2024T17:14:27 - [MESSAGE][PASSED] - Send keys 'This semester is cursed' on test object 'Object Repository/UC03-UI01/android.widget.EditText (2)' successfully.

08-01-2024T17:14:27 - [TEST_STEP][PASSED] - tap(findTestObject("Object Repository/UC03-UI01/android.widget.Button"), 0): Tapped on element 'Object Repository/UC03-UI01/android.widget.Button'

08-01-2024T17:14:27 - [MESSAGE][WARNING] - Timeout '0' is invalid. Using default page load timeout: '30'

08-01-2024T17:14:28 - [MESSAGE][PASSED] - Tapped on element 'Object Repository/UC03-UI01/android.widget.Button'

08-01-2024T17:14:28 - [TEST_STEP][PASSED] - tap(findTestObject("Object Repository/UC03-UI01/android.widget.Button (2)"), 0): Tapped on element 'Object Repository/UC03-UI01/android.widget.Button (2)'

08-01-2024T17:14:28 - [MESSAGE][WARNING] - Timeout '0' is invalid. Using default page load timeout: '30'

08-01-2024T17:14:30 - [MESSAGE][PASSED] - Tapped on element 'Object Repository/UC03-UI01/android.widget.Button (2)'

08-01-2024T17:14:30 - [TEST_STEP][PASSED] - tap(findTestObject("Object Repository/UC03-UI01/android.widget.Button (3)"), 0): Tapped on element 'Object Repository/UC03-UI01/android.widget.Button (3)'

08-01-2024T17:14:30 - [MESSAGE][WARNING] - Timeout '0' is invalid. Using default page load timeout: '30'

08-01-2024T17:14:33 - [MESSAGE][PASSED] - Tapped on element 'Object Repository/UC03-UI01/android.widget.Button (3)'

08-01-2024T17:14:33 - [TEST_STEP][PASSED] - tap(findTestObject("Object Repository/UC03-UI01/android.widget.TextView - Create"), 0): Tapped on element 'Object Repository/UC03-UI01/android.widget.TextView - Create'

08-01-2024T17:14:33 - [MESSAGE][WARNING] - Timeout '0' is invalid. Using default page load timeout: '30'

08-01-2024T17:14:34 - [MESSAGE][PASSED] - Tapped on element 'Object Repository/UC03-UI01/android.widget.TextView - Create'

08-01-2024T17:14:34 - [TEST_STEP][PASSED] - takeScreenshot("C:\Users\tansa\AppData\Local\Temp\screenshot8929733198654938877.png"): Screenshot is taken

08-01-2024T17:14:35 - [MESSAGE][PASSED] - Screenshot is taken
[[ATTACHMENT|C:\Users\tansa\AppData\Local\Temp\screenshot8929733198654938877.png]]

08-01-2024T17:14:35 - [TEST_STEP][PASSED] - verifyElementVisible(findTestObject("Object Repository/UC03-UI01/android.widget.TextView - family"), 0): Element 'Object Repository/UC03-UI01/android.widget.TextView - family' is visible

08-01-2024T17:14:35 - [MESSAGE][WARNING] - Timeout '0' is invalid. Using default page load timeout: '30'

08-01-2024T17:14:37 - [MESSAGE][PASSED] - Element 'Object Repository/UC03-UI01/android.widget.TextView - family' is visible

08-01-2024T17:14:37 - [TEST_STEP][PASSED] - verifyElementExist(findTestObject("UC03-UI01/android.view.View (1)"), 0): Element 'Object Repository/UC03-UI01/android.view.View (1)' is exist

08-01-2024T17:14:37 - [MESSAGE][WARNING] - Timeout '0' is invalid. Using default page load timeout: '30'

08-01-2024T17:14:38 - [MESSAGE][PASSED] - Element 'Object Repository/UC03-UI01/android.view.View (1)' is exist

08-01-2024T17:14:38 - [TEST_STEP][PASSED] - closeApplication(): Close app successfully

08-01-2024T17:14:38 - [MESSAGE][PASSED] - Close app successfully]]></system-out>
         <system-err><![CDATA[]]></system-err>
      </testcase>
      <testcase name="Test Cases/UC03-UI01-Input3" time="45.903" classname="Test Cases/UC03-UI01-Input3" status="PASSED">
         <system-out><![CDATA[08-01-2024T17:14:38 - [TEST_CASE][PASSED] - Test Cases/UC03-UI01-Input3: Test Cases/UC03-UI01-Input3

08-01-2024T17:14:39 - [TEST_STEP][PASSED] - startExistingApplication("com.example.morello"): Starting app with application ID: 'com.example.morello'

08-01-2024T17:14:39 - [MESSAGE][INFO] - Detected NodeJS location: "C:\Program Files\nodejs\node.exe"

08-01-2024T17:14:44 - [MESSAGE][INFO] - PATH: C:\Program Files\nodejs;

08-01-2024T17:14:44 - [MESSAGE][INFO] - APPIUM_HOME: C:\Users\tansa\.appium

08-01-2024T17:14:44 - [MESSAGE][INFO] - appium outlog: D:\morello-app\test-automation\21125063\21125063\Reports\20240108_171259\21125063\20240108_171259\appium.log

08-01-2024T17:14:44 - [MESSAGE][INFO] - appium errlog: D:\morello-app\test-automation\21125063\21125063\Reports\20240108_171259\21125063\20240108_171259\appium_error.log

08-01-2024T17:14:46 - [MESSAGE][INFO] - Appium server started on port 17,108

08-01-2024T17:14:56 - [MESSAGE][PASSED] - Starting app with application ID: 'com.example.morello'

08-01-2024T17:14:56 - [TEST_STEP][PASSED] - takeScreenshot("C:\Users\tansa\AppData\Local\Temp\screenshot10202081585241260803.png"): Screenshot is taken

08-01-2024T17:14:57 - [MESSAGE][PASSED] - Screenshot is taken
[[ATTACHMENT|C:\Users\tansa\AppData\Local\Temp\screenshot10202081585241260803.png]]

08-01-2024T17:14:57 - [TEST_STEP][PASSED] - sendKeys(findTestObject("Object Repository/UC03-UI01/android.widget.EditText"), "admin@morello.app"): Send keys 'admin@morello.app' on test object 'Object Repository/UC03-UI01/android.widget.EditText' successfully.

08-01-2024T17:15:00 - [MESSAGE][PASSED] - Send keys 'admin@morello.app' on test object 'Object Repository/UC03-UI01/android.widget.EditText' successfully.

08-01-2024T17:15:00 - [TEST_STEP][PASSED] - sendKeys(findTestObject("Object Repository/UC03-UI01/android.widget.EditText (1)"), "admin"): Send keys 'admin' on test object 'Object Repository/UC03-UI01/android.widget.EditText (1)' successfully.

08-01-2024T17:15:00 - [MESSAGE][PASSED] - Send keys 'admin' on test object 'Object Repository/UC03-UI01/android.widget.EditText (1)' successfully.

08-01-2024T17:15:00 - [TEST_STEP][PASSED] - tap(findTestObject("Object Repository/UC03-UI01/android.widget.Button"), 0): Tapped on element 'Object Repository/UC03-UI01/android.widget.Button'

08-01-2024T17:15:00 - [MESSAGE][WARNING] - Timeout '0' is invalid. Using default page load timeout: '30'

08-01-2024T17:15:02 - [MESSAGE][PASSED] - Tapped on element 'Object Repository/UC03-UI01/android.widget.Button'

08-01-2024T17:15:02 - [TEST_STEP][PASSED] - takeScreenshot("C:\Users\tansa\AppData\Local\Temp\screenshot1533464508948811551.png"): Screenshot is taken

08-01-2024T17:15:02 - [MESSAGE][PASSED] - Screenshot is taken
[[ATTACHMENT|C:\Users\tansa\AppData\Local\Temp\screenshot1533464508948811551.png]]

08-01-2024T17:15:02 - [TEST_STEP][PASSED] - tap(findTestObject("Object Repository/UC03-UI01/android.view.View"), 0): Tapped on element 'Object Repository/UC03-UI01/android.view.View'

08-01-2024T17:15:03 - [MESSAGE][WARNING] - Timeout '0' is invalid. Using default page load timeout: '30'

08-01-2024T17:15:05 - [MESSAGE][PASSED] - Tapped on element 'Object Repository/UC03-UI01/android.view.View'

08-01-2024T17:15:05 - [TEST_STEP][PASSED] - takeScreenshot("C:\Users\tansa\AppData\Local\Temp\screenshot10946887393192006368.png"): Screenshot is taken

08-01-2024T17:15:06 - [MESSAGE][PASSED] - Screenshot is taken
[[ATTACHMENT|C:\Users\tansa\AppData\Local\Temp\screenshot10946887393192006368.png]]

08-01-2024T17:15:06 - [TEST_STEP][PASSED] - tap(findTestObject("Object Repository/UC03-UI01/android.widget.Button (1)"), 0): Tapped on element 'Object Repository/UC03-UI01/android.widget.Button (1)'

08-01-2024T17:15:06 - [MESSAGE][WARNING] - Timeout '0' is invalid. Using default page load timeout: '30'

08-01-2024T17:15:08 - [MESSAGE][PASSED] - Tapped on element 'Object Repository/UC03-UI01/android.widget.Button (1)'

08-01-2024T17:15:08 - [TEST_STEP][PASSED] - tap(findTestObject("Object Repository/UC03-UI01/android.widget.Button (1)"), 0): Tapped on element 'Object Repository/UC03-UI01/android.widget.Button (1)'

08-01-2024T17:15:08 - [MESSAGE][WARNING] - Timeout '0' is invalid. Using default page load timeout: '30'

08-01-2024T17:15:09 - [MESSAGE][PASSED] - Tapped on element 'Object Repository/UC03-UI01/android.widget.Button (1)'

08-01-2024T17:15:09 - [TEST_STEP][PASSED] - sendKeys(findTestObject("Object Repository/UC03-UI01/android.widget.EditText"), "123456"): Send keys '123456' on test object 'Object Repository/UC03-UI01/android.widget.EditText' successfully.

08-01-2024T17:15:11 - [MESSAGE][PASSED] - Send keys '123456' on test object 'Object Repository/UC03-UI01/android.widget.EditText' successfully.

08-01-2024T17:15:11 - [TEST_STEP][PASSED] - sendKeys(findTestObject("Object Repository/UC03-UI01/android.widget.EditText (1)"), "Monthly Union Fee"): Send keys 'Monthly Union Fee' on test object 'Object Repository/UC03-UI01/android.widget.EditText (1)' successfully.

08-01-2024T17:15:12 - [MESSAGE][PASSED] - Send keys 'Monthly Union Fee' on test object 'Object Repository/UC03-UI01/android.widget.EditText (1)' successfully.

08-01-2024T17:15:12 - [TEST_STEP][PASSED] - sendKeys(findTestObject("Object Repository/UC03-UI01/android.widget.EditText (2)"), "Monthly fee that we pay our Union"): Send keys 'Monthly fee that we pay our Union' on test object 'Object Repository/UC03-UI01/android.widget.EditText (2)' successfully.

08-01-2024T17:15:13 - [MESSAGE][PASSED] - Send keys 'Monthly fee that we pay our Union' on test object 'Object Repository/UC03-UI01/android.widget.EditText (2)' successfully.

08-01-2024T17:15:13 - [TEST_STEP][PASSED] - tap(findTestObject("Object Repository/UC03-UI01/android.widget.Button"), 0): Tapped on element 'Object Repository/UC03-UI01/android.widget.Button'

08-01-2024T17:15:13 - [MESSAGE][WARNING] - Timeout '0' is invalid. Using default page load timeout: '30'

08-01-2024T17:15:14 - [MESSAGE][PASSED] - Tapped on element 'Object Repository/UC03-UI01/android.widget.Button'

08-01-2024T17:15:14 - [TEST_STEP][PASSED] - tap(findTestObject("Object Repository/UC03-UI01/android.widget.Button (2)"), 0): Tapped on element 'Object Repository/UC03-UI01/android.widget.Button (2)'

08-01-2024T17:15:14 - [MESSAGE][WARNING] - Timeout '0' is invalid. Using default page load timeout: '30'

08-01-2024T17:15:16 - [MESSAGE][PASSED] - Tapped on element 'Object Repository/UC03-UI01/android.widget.Button (2)'

08-01-2024T17:15:16 - [TEST_STEP][PASSED] - tap(findTestObject("Object Repository/UC03-UI01/android.widget.Button (3)"), 0): Tapped on element 'Object Repository/UC03-UI01/android.widget.Button (3)'

08-01-2024T17:15:16 - [MESSAGE][WARNING] - Timeout '0' is invalid. Using default page load timeout: '30'

08-01-2024T17:15:19 - [MESSAGE][PASSED] - Tapped on element 'Object Repository/UC03-UI01/android.widget.Button (3)'

08-01-2024T17:15:19 - [TEST_STEP][PASSED] - tap(findTestObject("Object Repository/UC03-UI01/android.widget.TextView - Create"), 0): Tapped on element 'Object Repository/UC03-UI01/android.widget.TextView - Create'

08-01-2024T17:15:19 - [MESSAGE][WARNING] - Timeout '0' is invalid. Using default page load timeout: '30'

08-01-2024T17:15:20 - [MESSAGE][PASSED] - Tapped on element 'Object Repository/UC03-UI01/android.widget.TextView - Create'

08-01-2024T17:15:20 - [TEST_STEP][PASSED] - takeScreenshot("C:\Users\tansa\AppData\Local\Temp\screenshot8929733198654938877.png"): Screenshot is taken

08-01-2024T17:15:21 - [MESSAGE][PASSED] - Screenshot is taken
[[ATTACHMENT|C:\Users\tansa\AppData\Local\Temp\screenshot8929733198654938877.png]]

08-01-2024T17:15:21 - [TEST_STEP][PASSED] - verifyElementVisible(findTestObject("Object Repository/UC03-UI01/android.widget.TextView - family"), 0): Element 'Object Repository/UC03-UI01/android.widget.TextView - family' is visible

08-01-2024T17:15:21 - [MESSAGE][WARNING] - Timeout '0' is invalid. Using default page load timeout: '30'

08-01-2024T17:15:22 - [MESSAGE][PASSED] - Element 'Object Repository/UC03-UI01/android.widget.TextView - family' is visible

08-01-2024T17:15:22 - [TEST_STEP][PASSED] - verifyElementExist(findTestObject("Object Repository/UC03-UI01/android.view.View (1)"), 0): Element 'Object Repository/UC03-UI01/android.view.View (1)' is exist

08-01-2024T17:15:22 - [MESSAGE][WARNING] - Timeout '0' is invalid. Using default page load timeout: '30'

08-01-2024T17:15:24 - [MESSAGE][PASSED] - Element 'Object Repository/UC03-UI01/android.view.View (1)' is exist

08-01-2024T17:15:24 - [TEST_STEP][PASSED] - closeApplication(): Close app successfully

08-01-2024T17:15:24 - [MESSAGE][PASSED] - Close app successfully]]></system-out>
         <system-err><![CDATA[]]></system-err>
      </testcase>
      <testcase name="Test Cases/UC03-UI01-Input4" time="46.098" classname="Test Cases/UC03-UI01-Input4" status="PASSED">
         <system-out><![CDATA[08-01-2024T17:15:24 - [TEST_CASE][PASSED] - Test Cases/UC03-UI01-Input4: Test Cases/UC03-UI01-Input4

08-01-2024T17:15:24 - [TEST_STEP][PASSED] - startExistingApplication("com.example.morello"): Starting app with application ID: 'com.example.morello'

08-01-2024T17:15:25 - [MESSAGE][INFO] - Detected NodeJS location: "C:\Program Files\nodejs\node.exe"

08-01-2024T17:15:30 - [MESSAGE][INFO] - PATH: C:\Program Files\nodejs;

08-01-2024T17:15:30 - [MESSAGE][INFO] - APPIUM_HOME: C:\Users\tansa\.appium

08-01-2024T17:15:30 - [MESSAGE][INFO] - appium outlog: D:\morello-app\test-automation\21125063\21125063\Reports\20240108_171259\21125063\20240108_171259\appium.log

08-01-2024T17:15:30 - [MESSAGE][INFO] - appium errlog: D:\morello-app\test-automation\21125063\21125063\Reports\20240108_171259\21125063\20240108_171259\appium_error.log

08-01-2024T17:15:33 - [MESSAGE][INFO] - Appium server started on port 17,432

08-01-2024T17:15:42 - [MESSAGE][PASSED] - Starting app with application ID: 'com.example.morello'

08-01-2024T17:15:42 - [TEST_STEP][PASSED] - takeScreenshot("C:\Users\tansa\AppData\Local\Temp\screenshot10202081585241260803.png"): Screenshot is taken

08-01-2024T17:15:43 - [MESSAGE][PASSED] - Screenshot is taken
[[ATTACHMENT|C:\Users\tansa\AppData\Local\Temp\screenshot10202081585241260803.png]]

08-01-2024T17:15:43 - [TEST_STEP][PASSED] - sendKeys(findTestObject("Object Repository/UC03-UI01/android.widget.EditText"), "admin@morello.app"): Send keys 'admin@morello.app' on test object 'Object Repository/UC03-UI01/android.widget.EditText' successfully.

08-01-2024T17:15:45 - [MESSAGE][PASSED] - Send keys 'admin@morello.app' on test object 'Object Repository/UC03-UI01/android.widget.EditText' successfully.

08-01-2024T17:15:45 - [TEST_STEP][PASSED] - sendKeys(findTestObject("Object Repository/UC03-UI01/android.widget.EditText (1)"), "admin"): Send keys 'admin' on test object 'Object Repository/UC03-UI01/android.widget.EditText (1)' successfully.

08-01-2024T17:15:46 - [MESSAGE][PASSED] - Send keys 'admin' on test object 'Object Repository/UC03-UI01/android.widget.EditText (1)' successfully.

08-01-2024T17:15:46 - [TEST_STEP][PASSED] - tap(findTestObject("Object Repository/UC03-UI01/android.widget.Button"), 0): Tapped on element 'Object Repository/UC03-UI01/android.widget.Button'

08-01-2024T17:15:46 - [MESSAGE][WARNING] - Timeout '0' is invalid. Using default page load timeout: '30'

08-01-2024T17:15:47 - [MESSAGE][PASSED] - Tapped on element 'Object Repository/UC03-UI01/android.widget.Button'

08-01-2024T17:15:47 - [TEST_STEP][PASSED] - takeScreenshot("C:\Users\tansa\AppData\Local\Temp\screenshot1533464508948811551.png"): Screenshot is taken

08-01-2024T17:15:48 - [MESSAGE][PASSED] - Screenshot is taken
[[ATTACHMENT|C:\Users\tansa\AppData\Local\Temp\screenshot1533464508948811551.png]]

08-01-2024T17:15:48 - [TEST_STEP][PASSED] - tap(findTestObject("Object Repository/UC03-UI01/android.view.View"), 0): Tapped on element 'Object Repository/UC03-UI01/android.view.View'

08-01-2024T17:15:48 - [MESSAGE][WARNING] - Timeout '0' is invalid. Using default page load timeout: '30'

08-01-2024T17:15:51 - [MESSAGE][PASSED] - Tapped on element 'Object Repository/UC03-UI01/android.view.View'

08-01-2024T17:15:51 - [TEST_STEP][PASSED] - takeScreenshot("C:\Users\tansa\AppData\Local\Temp\screenshot10946887393192006368.png"): Screenshot is taken

08-01-2024T17:15:52 - [MESSAGE][PASSED] - Screenshot is taken
[[ATTACHMENT|C:\Users\tansa\AppData\Local\Temp\screenshot10946887393192006368.png]]

08-01-2024T17:15:52 - [TEST_STEP][PASSED] - tap(findTestObject("Object Repository/UC03-UI01/android.widget.Button (1)"), 0): Tapped on element 'Object Repository/UC03-UI01/android.widget.Button (1)'

08-01-2024T17:15:52 - [MESSAGE][WARNING] - Timeout '0' is invalid. Using default page load timeout: '30'

08-01-2024T17:15:54 - [MESSAGE][PASSED] - Tapped on element 'Object Repository/UC03-UI01/android.widget.Button (1)'

08-01-2024T17:15:54 - [TEST_STEP][PASSED] - tap(findTestObject("Object Repository/UC03-UI01/android.widget.Button (1)"), 0): Tapped on element 'Object Repository/UC03-UI01/android.widget.Button (1)'

08-01-2024T17:15:54 - [MESSAGE][WARNING] - Timeout '0' is invalid. Using default page load timeout: '30'

08-01-2024T17:15:55 - [MESSAGE][PASSED] - Tapped on element 'Object Repository/UC03-UI01/android.widget.Button (1)'

08-01-2024T17:15:55 - [TEST_STEP][PASSED] - sendKeys(findTestObject("Object Repository/UC03-UI01/android.widget.EditText"), "654321"): Send keys '654321' on test object 'Object Repository/UC03-UI01/android.widget.EditText' successfully.

08-01-2024T17:15:57 - [MESSAGE][PASSED] - Send keys '654321' on test object 'Object Repository/UC03-UI01/android.widget.EditText' successfully.

08-01-2024T17:15:57 - [TEST_STEP][PASSED] - sendKeys(findTestObject("Object Repository/UC03-UI01/android.widget.EditText (1)"), "Pizza for the class"): Send keys 'Pizza for the class' on test object 'Object Repository/UC03-UI01/android.widget.EditText (1)' successfully.

08-01-2024T17:15:58 - [MESSAGE][PASSED] - Send keys 'Pizza for the class' on test object 'Object Repository/UC03-UI01/android.widget.EditText (1)' successfully.

08-01-2024T17:15:58 - [TEST_STEP][PASSED] - sendKeys(findTestObject("Object Repository/UC03-UI01/android.widget.EditText (2)"), "We love pizza"): Send keys 'We love pizza' on test object 'Object Repository/UC03-UI01/android.widget.EditText (2)' successfully.

08-01-2024T17:15:58 - [MESSAGE][PASSED] - Send keys 'We love pizza' on test object 'Object Repository/UC03-UI01/android.widget.EditText (2)' successfully.

08-01-2024T17:15:58 - [TEST_STEP][PASSED] - tap(findTestObject("Object Repository/UC03-UI01/android.widget.Button"), 0): Tapped on element 'Object Repository/UC03-UI01/android.widget.Button'

08-01-2024T17:15:58 - [MESSAGE][WARNING] - Timeout '0' is invalid. Using default page load timeout: '30'

08-01-2024T17:16:00 - [MESSAGE][PASSED] - Tapped on element 'Object Repository/UC03-UI01/android.widget.Button'

08-01-2024T17:16:00 - [TEST_STEP][PASSED] - tap(findTestObject("Object Repository/UC03-UI01/android.widget.Button (2)"), 0): Tapped on element 'Object Repository/UC03-UI01/android.widget.Button (2)'

08-01-2024T17:16:00 - [MESSAGE][WARNING] - Timeout '0' is invalid. Using default page load timeout: '30'

08-01-2024T17:16:03 - [MESSAGE][PASSED] - Tapped on element 'Object Repository/UC03-UI01/android.widget.Button (2)'

08-01-2024T17:16:03 - [TEST_STEP][PASSED] - tap(findTestObject("Object Repository/UC03-UI01/android.widget.Button (3)"), 0): Tapped on element 'Object Repository/UC03-UI01/android.widget.Button (3)'

08-01-2024T17:16:03 - [MESSAGE][WARNING] - Timeout '0' is invalid. Using default page load timeout: '30'

08-01-2024T17:16:05 - [MESSAGE][PASSED] - Tapped on element 'Object Repository/UC03-UI01/android.widget.Button (3)'

08-01-2024T17:16:05 - [TEST_STEP][PASSED] - tap(findTestObject("Object Repository/UC03-UI01/android.widget.TextView - Create"), 0): Tapped on element 'Object Repository/UC03-UI01/android.widget.TextView - Create'

08-01-2024T17:16:05 - [MESSAGE][WARNING] - Timeout '0' is invalid. Using default page load timeout: '30'

08-01-2024T17:16:06 - [MESSAGE][PASSED] - Tapped on element 'Object Repository/UC03-UI01/android.widget.TextView - Create'

08-01-2024T17:16:06 - [TEST_STEP][PASSED] - takeScreenshot("C:\Users\tansa\AppData\Local\Temp\screenshot8929733198654938877.png"): Screenshot is taken

08-01-2024T17:16:07 - [MESSAGE][PASSED] - Screenshot is taken
[[ATTACHMENT|C:\Users\tansa\AppData\Local\Temp\screenshot8929733198654938877.png]]

08-01-2024T17:16:07 - [TEST_STEP][PASSED] - verifyElementVisible(findTestObject("Object Repository/UC03-UI01/android.widget.TextView - family"), 0): Element 'Object Repository/UC03-UI01/android.widget.TextView - family' is visible

08-01-2024T17:16:07 - [MESSAGE][WARNING] - Timeout '0' is invalid. Using default page load timeout: '30'

08-01-2024T17:16:09 - [MESSAGE][PASSED] - Element 'Object Repository/UC03-UI01/android.widget.TextView - family' is visible

08-01-2024T17:16:09 - [TEST_STEP][PASSED] - verifyElementExist(findTestObject("Object Repository/UC03-UI01/android.view.View (1)"), 0): Element 'Object Repository/UC03-UI01/android.view.View (1)' is exist

08-01-2024T17:16:09 - [MESSAGE][WARNING] - Timeout '0' is invalid. Using default page load timeout: '30'

08-01-2024T17:16:10 - [MESSAGE][PASSED] - Element 'Object Repository/UC03-UI01/android.view.View (1)' is exist

08-01-2024T17:16:10 - [TEST_STEP][PASSED] - closeApplication(): Close app successfully

08-01-2024T17:16:10 - [MESSAGE][PASSED] - Close app successfully]]></system-out>
         <system-err><![CDATA[]]></system-err>
      </testcase>
      <testcase name="Test Cases/UC03-UI01-Input5" time="45.031" classname="Test Cases/UC03-UI01-Input5" status="PASSED">
         <system-out><![CDATA[08-01-2024T17:16:10 - [TEST_CASE][PASSED] - Test Cases/UC03-UI01-Input5: Test Cases/UC03-UI01-Input5

08-01-2024T17:16:11 - [TEST_STEP][PASSED] - startExistingApplication("com.example.morello"): Starting app with application ID: 'com.example.morello'

08-01-2024T17:16:11 - [MESSAGE][INFO] - Detected NodeJS location: "C:\Program Files\nodejs\node.exe"

08-01-2024T17:16:16 - [MESSAGE][INFO] - PATH: C:\Program Files\nodejs;

08-01-2024T17:16:16 - [MESSAGE][INFO] - APPIUM_HOME: C:\Users\tansa\.appium

08-01-2024T17:16:16 - [MESSAGE][INFO] - appium outlog: D:\morello-app\test-automation\21125063\21125063\Reports\20240108_171259\21125063\20240108_171259\appium.log

08-01-2024T17:16:16 - [MESSAGE][INFO] - appium errlog: D:\morello-app\test-automation\21125063\21125063\Reports\20240108_171259\21125063\20240108_171259\appium_error.log

08-01-2024T17:16:19 - [MESSAGE][INFO] - Appium server started on port 17,760

08-01-2024T17:16:28 - [MESSAGE][PASSED] - Starting app with application ID: 'com.example.morello'

08-01-2024T17:16:28 - [TEST_STEP][PASSED] - takeScreenshot("C:\Users\tansa\AppData\Local\Temp\screenshot10202081585241260803.png"): Screenshot is taken

08-01-2024T17:16:29 - [MESSAGE][PASSED] - Screenshot is taken
[[ATTACHMENT|C:\Users\tansa\AppData\Local\Temp\screenshot10202081585241260803.png]]

08-01-2024T17:16:29 - [TEST_STEP][PASSED] - sendKeys(findTestObject("Object Repository/UC03-UI01/android.widget.EditText"), "admin@morello.app"): Send keys 'admin@morello.app' on test object 'Object Repository/UC03-UI01/android.widget.EditText' successfully.

08-01-2024T17:16:31 - [MESSAGE][PASSED] - Send keys 'admin@morello.app' on test object 'Object Repository/UC03-UI01/android.widget.EditText' successfully.

08-01-2024T17:16:31 - [TEST_STEP][PASSED] - sendKeys(findTestObject("Object Repository/UC03-UI01/android.widget.EditText (1)"), "admin"): Send keys 'admin' on test object 'Object Repository/UC03-UI01/android.widget.EditText (1)' successfully.

08-01-2024T17:16:32 - [MESSAGE][PASSED] - Send keys 'admin' on test object 'Object Repository/UC03-UI01/android.widget.EditText (1)' successfully.

08-01-2024T17:16:32 - [TEST_STEP][PASSED] - tap(findTestObject("Object Repository/UC03-UI01/android.widget.Button"), 0): Tapped on element 'Object Repository/UC03-UI01/android.widget.Button'

08-01-2024T17:16:32 - [MESSAGE][WARNING] - Timeout '0' is invalid. Using default page load timeout: '30'

08-01-2024T17:16:33 - [MESSAGE][PASSED] - Tapped on element 'Object Repository/UC03-UI01/android.widget.Button'

08-01-2024T17:16:33 - [TEST_STEP][PASSED] - takeScreenshot("C:\Users\tansa\AppData\Local\Temp\screenshot1533464508948811551.png"): Screenshot is taken

08-01-2024T17:16:34 - [MESSAGE][PASSED] - Screenshot is taken
[[ATTACHMENT|C:\Users\tansa\AppData\Local\Temp\screenshot1533464508948811551.png]]

08-01-2024T17:16:34 - [TEST_STEP][PASSED] - tap(findTestObject("Object Repository/UC03-UI01/android.view.View"), 0): Tapped on element 'Object Repository/UC03-UI01/android.view.View'

08-01-2024T17:16:34 - [MESSAGE][WARNING] - Timeout '0' is invalid. Using default page load timeout: '30'

08-01-2024T17:16:36 - [MESSAGE][PASSED] - Tapped on element 'Object Repository/UC03-UI01/android.view.View'

08-01-2024T17:16:36 - [TEST_STEP][PASSED] - takeScreenshot("C:\Users\tansa\AppData\Local\Temp\screenshot10946887393192006368.png"): Screenshot is taken

08-01-2024T17:16:37 - [MESSAGE][PASSED] - Screenshot is taken
[[ATTACHMENT|C:\Users\tansa\AppData\Local\Temp\screenshot10946887393192006368.png]]

08-01-2024T17:16:37 - [TEST_STEP][PASSED] - tap(findTestObject("Object Repository/UC03-UI01/android.widget.Button (1)"), 0): Tapped on element 'Object Repository/UC03-UI01/android.widget.Button (1)'

08-01-2024T17:16:37 - [MESSAGE][WARNING] - Timeout '0' is invalid. Using default page load timeout: '30'

08-01-2024T17:16:39 - [MESSAGE][PASSED] - Tapped on element 'Object Repository/UC03-UI01/android.widget.Button (1)'

08-01-2024T17:16:39 - [TEST_STEP][PASSED] - tap(findTestObject("Object Repository/UC03-UI01/android.widget.Button (1)"), 0): Tapped on element 'Object Repository/UC03-UI01/android.widget.Button (1)'

08-01-2024T17:16:39 - [MESSAGE][WARNING] - Timeout '0' is invalid. Using default page load timeout: '30'

08-01-2024T17:16:40 - [MESSAGE][PASSED] - Tapped on element 'Object Repository/UC03-UI01/android.widget.Button (1)'

08-01-2024T17:16:40 - [TEST_STEP][PASSED] - sendKeys(findTestObject("Object Repository/UC03-UI01/android.widget.EditText"), "333333"): Send keys '333333' on test object 'Object Repository/UC03-UI01/android.widget.EditText' successfully.

08-01-2024T17:16:42 - [MESSAGE][PASSED] - Send keys '333333' on test object 'Object Repository/UC03-UI01/android.widget.EditText' successfully.

08-01-2024T17:16:42 - [TEST_STEP][PASSED] - sendKeys(findTestObject("Object Repository/UC03-UI01/android.widget.EditText (1)"), "Fireworks for New Year 2024"): Send keys 'Fireworks for New Year 2024' on test object 'Object Repository/UC03-UI01/android.widget.EditText (1)' successfully.

08-01-2024T17:16:43 - [MESSAGE][PASSED] - Send keys 'Fireworks for New Year 2024' on test object 'Object Repository/UC03-UI01/android.widget.EditText (1)' successfully.

08-01-2024T17:16:43 - [TEST_STEP][PASSED] - sendKeys(findTestObject("Object Repository/UC03-UI01/android.widget.EditText (2)"), "For fun"): Send keys 'For fun' on test object 'Object Repository/UC03-UI01/android.widget.EditText (2)' successfully.

08-01-2024T17:16:44 - [MESSAGE][PASSED] - Send keys 'For fun' on test object 'Object Repository/UC03-UI01/android.widget.EditText (2)' successfully.

08-01-2024T17:16:44 - [TEST_STEP][PASSED] - tap(findTestObject("Object Repository/UC03-UI01/android.widget.Button"), 0): Tapped on element 'Object Repository/UC03-UI01/android.widget.Button'

08-01-2024T17:16:44 - [MESSAGE][WARNING] - Timeout '0' is invalid. Using default page load timeout: '30'

08-01-2024T17:16:45 - [MESSAGE][PASSED] - Tapped on element 'Object Repository/UC03-UI01/android.widget.Button'

08-01-2024T17:16:45 - [TEST_STEP][PASSED] - tap(findTestObject("Object Repository/UC03-UI01/android.widget.Button (2)"), 0): Tapped on element 'Object Repository/UC03-UI01/android.widget.Button (2)'

08-01-2024T17:16:45 - [MESSAGE][WARNING] - Timeout '0' is invalid. Using default page load timeout: '30'

08-01-2024T17:16:48 - [MESSAGE][PASSED] - Tapped on element 'Object Repository/UC03-UI01/android.widget.Button (2)'

08-01-2024T17:16:48 - [TEST_STEP][PASSED] - tap(findTestObject("Object Repository/UC03-UI01/android.widget.Button (3)"), 0): Tapped on element 'Object Repository/UC03-UI01/android.widget.Button (3)'

08-01-2024T17:16:48 - [MESSAGE][WARNING] - Timeout '0' is invalid. Using default page load timeout: '30'

08-01-2024T17:16:50 - [MESSAGE][PASSED] - Tapped on element 'Object Repository/UC03-UI01/android.widget.Button (3)'

08-01-2024T17:16:50 - [TEST_STEP][PASSED] - tap(findTestObject("Object Repository/UC03-UI01/android.widget.TextView - Create"), 0): Tapped on element 'Object Repository/UC03-UI01/android.widget.TextView - Create'

08-01-2024T17:16:50 - [MESSAGE][WARNING] - Timeout '0' is invalid. Using default page load timeout: '30'

08-01-2024T17:16:51 - [MESSAGE][PASSED] - Tapped on element 'Object Repository/UC03-UI01/android.widget.TextView - Create'

08-01-2024T17:16:51 - [TEST_STEP][PASSED] - takeScreenshot("C:\Users\tansa\AppData\Local\Temp\screenshot8929733198654938877.png"): Screenshot is taken

08-01-2024T17:16:52 - [MESSAGE][PASSED] - Screenshot is taken
[[ATTACHMENT|C:\Users\tansa\AppData\Local\Temp\screenshot8929733198654938877.png]]

08-01-2024T17:16:52 - [TEST_STEP][PASSED] - verifyElementVisible(findTestObject("Object Repository/UC03-UI01/android.widget.TextView - family"), 0): Element 'Object Repository/UC03-UI01/android.widget.TextView - family' is visible

08-01-2024T17:16:52 - [MESSAGE][WARNING] - Timeout '0' is invalid. Using default page load timeout: '30'

08-01-2024T17:16:54 - [MESSAGE][PASSED] - Element 'Object Repository/UC03-UI01/android.widget.TextView - family' is visible

08-01-2024T17:16:54 - [TEST_STEP][PASSED] - verifyElementExist(findTestObject("Object Repository/UC03-UI01/android.view.View (1)"), 0): Element 'Object Repository/UC03-UI01/android.view.View (1)' is exist

08-01-2024T17:16:54 - [MESSAGE][WARNING] - Timeout '0' is invalid. Using default page load timeout: '30'

08-01-2024T17:16:55 - [MESSAGE][PASSED] - Element 'Object Repository/UC03-UI01/android.view.View (1)' is exist

08-01-2024T17:16:55 - [TEST_STEP][PASSED] - closeApplication(): Close app successfully

08-01-2024T17:16:56 - [MESSAGE][PASSED] - Close app successfully]]></system-out>
         <system-err><![CDATA[]]></system-err>
      </testcase>
      <testcase name="Test Cases/UC03-UI03-Input1" time="39.676" classname="Test Cases/UC03-UI03-Input1" status="PASSED">
         <system-out><![CDATA[08-01-2024T17:16:56 - [TEST_CASE][PASSED] - Test Cases/UC03-UI03-Input1: Test Cases/UC03-UI03-Input1

08-01-2024T17:16:56 - [TEST_STEP][PASSED] - startExistingApplication("com.example.morello"): Starting app with application ID: 'com.example.morello'

08-01-2024T17:16:56 - [MESSAGE][INFO] - Detected NodeJS location: "C:\Program Files\nodejs\node.exe"

08-01-2024T17:17:01 - [MESSAGE][INFO] - PATH: C:\Program Files\nodejs;

08-01-2024T17:17:01 - [MESSAGE][INFO] - APPIUM_HOME: C:\Users\tansa\.appium

08-01-2024T17:17:01 - [MESSAGE][INFO] - appium outlog: D:\morello-app\test-automation\21125063\21125063\Reports\20240108_171259\21125063\20240108_171259\appium.log

08-01-2024T17:17:01 - [MESSAGE][INFO] - appium errlog: D:\morello-app\test-automation\21125063\21125063\Reports\20240108_171259\21125063\20240108_171259\appium_error.log

08-01-2024T17:17:03 - [MESSAGE][INFO] - Appium server started on port 18,097

08-01-2024T17:17:13 - [MESSAGE][PASSED] - Starting app with application ID: 'com.example.morello'

08-01-2024T17:17:13 - [TEST_STEP][PASSED] - takeScreenshot("C:\Users\tansa\AppData\Local\Temp\screenshot11681619649043454598.png"): Screenshot is taken

08-01-2024T17:17:14 - [MESSAGE][PASSED] - Screenshot is taken
[[ATTACHMENT|C:\Users\tansa\AppData\Local\Temp\screenshot11681619649043454598.png]]

08-01-2024T17:17:14 - [TEST_STEP][PASSED] - sendKeys(findTestObject("Object Repository/UC03-UI03/android.widget.EditText"), "admin@morello.app"): Send keys 'admin@morello.app' on test object 'Object Repository/UC03-UI03/android.widget.EditText' successfully.

08-01-2024T17:17:16 - [MESSAGE][PASSED] - Send keys 'admin@morello.app' on test object 'Object Repository/UC03-UI03/android.widget.EditText' successfully.

08-01-2024T17:17:16 - [TEST_STEP][PASSED] - sendKeys(findTestObject("Object Repository/UC03-UI03/android.widget.EditText (1)"), "admin"): Send keys 'admin' on test object 'Object Repository/UC03-UI03/android.widget.EditText (1)' successfully.

08-01-2024T17:17:17 - [MESSAGE][PASSED] - Send keys 'admin' on test object 'Object Repository/UC03-UI03/android.widget.EditText (1)' successfully.

08-01-2024T17:17:17 - [TEST_STEP][PASSED] - tap(findTestObject("Object Repository/UC03-UI03/android.widget.Button"), 0): Tapped on element 'Object Repository/UC03-UI03/android.widget.Button'

08-01-2024T17:17:17 - [MESSAGE][WARNING] - Timeout '0' is invalid. Using default page load timeout: '30'

08-01-2024T17:17:17 - [MESSAGE][PASSED] - Tapped on element 'Object Repository/UC03-UI03/android.widget.Button'

08-01-2024T17:17:17 - [TEST_STEP][PASSED] - takeScreenshot("C:\Users\tansa\AppData\Local\Temp\screenshot9247040380917115946.png"): Screenshot is taken

08-01-2024T17:17:18 - [MESSAGE][PASSED] - Screenshot is taken
[[ATTACHMENT|C:\Users\tansa\AppData\Local\Temp\screenshot9247040380917115946.png]]

08-01-2024T17:17:18 - [TEST_STEP][PASSED] - tap(findTestObject("Object Repository/UC03-UI03/android.view.View"), 0): Tapped on element 'Object Repository/UC03-UI03/android.view.View'

08-01-2024T17:17:18 - [MESSAGE][WARNING] - Timeout '0' is invalid. Using default page load timeout: '30'

08-01-2024T17:17:21 - [MESSAGE][PASSED] - Tapped on element 'Object Repository/UC03-UI03/android.view.View'

08-01-2024T17:17:21 - [TEST_STEP][PASSED] - takeScreenshot("C:\Users\tansa\AppData\Local\Temp\screenshot12377891300602375905.png"): Screenshot is taken

08-01-2024T17:17:22 - [MESSAGE][PASSED] - Screenshot is taken
[[ATTACHMENT|C:\Users\tansa\AppData\Local\Temp\screenshot12377891300602375905.png]]

08-01-2024T17:17:22 - [TEST_STEP][PASSED] - tap(findTestObject("Object Repository/UC03-UI03/android.widget.Button (1)"), 0): Tapped on element 'Object Repository/UC03-UI03/android.widget.Button (1)'

08-01-2024T17:17:22 - [MESSAGE][WARNING] - Timeout '0' is invalid. Using default page load timeout: '30'

08-01-2024T17:17:23 - [MESSAGE][PASSED] - Tapped on element 'Object Repository/UC03-UI03/android.widget.Button (1)'

08-01-2024T17:17:23 - [TEST_STEP][PASSED] - tap(findTestObject("Object Repository/UC03-UI03/android.widget.Button (1)"), 0): Tapped on element 'Object Repository/UC03-UI03/android.widget.Button (1)'

08-01-2024T17:17:23 - [MESSAGE][WARNING] - Timeout '0' is invalid. Using default page load timeout: '30'

08-01-2024T17:17:25 - [MESSAGE][PASSED] - Tapped on element 'Object Repository/UC03-UI03/android.widget.Button (1)'

08-01-2024T17:17:25 - [TEST_STEP][PASSED] - sendKeys(findTestObject("Object Repository/UC03-UI03/android.widget.EditText"), "345678"): Send keys '345678' on test object 'Object Repository/UC03-UI03/android.widget.EditText' successfully.

08-01-2024T17:17:26 - [MESSAGE][PASSED] - Send keys '345678' on test object 'Object Repository/UC03-UI03/android.widget.EditText' successfully.

08-01-2024T17:17:26 - [TEST_STEP][PASSED] - sendKeys(findTestObject("Object Repository/UC03-UI03/android.widget.EditText (1)"), "Medical Insurance"): Send keys 'Medical Insurance' on test object 'Object Repository/UC03-UI03/android.widget.EditText (1)' successfully.

08-01-2024T17:17:27 - [MESSAGE][PASSED] - Send keys 'Medical Insurance' on test object 'Object Repository/UC03-UI03/android.widget.EditText (1)' successfully.

08-01-2024T17:17:27 - [TEST_STEP][PASSED] - tap(findTestObject("Object Repository/UC03-UI03/android.widget.Button"), 0): Tapped on element 'Object Repository/UC03-UI03/android.widget.Button'

08-01-2024T17:17:27 - [MESSAGE][WARNING] - Timeout '0' is invalid. Using default page load timeout: '30'

08-01-2024T17:17:29 - [MESSAGE][PASSED] - Tapped on element 'Object Repository/UC03-UI03/android.widget.Button'

08-01-2024T17:17:29 - [TEST_STEP][PASSED] - tap(findTestObject("Object Repository/UC03-UI03/android.widget.Button (2)"), 0): Tapped on element 'Object Repository/UC03-UI03/android.widget.Button (2)'

08-01-2024T17:17:29 - [MESSAGE][WARNING] - Timeout '0' is invalid. Using default page load timeout: '30'

08-01-2024T17:17:31 - [MESSAGE][PASSED] - Tapped on element 'Object Repository/UC03-UI03/android.widget.Button (2)'

08-01-2024T17:17:31 - [TEST_STEP][PASSED] - tap(findTestObject("Object Repository/UC03-UI03/android.widget.Button (3)"), 0): Tapped on element 'Object Repository/UC03-UI03/android.widget.Button (3)'

08-01-2024T17:17:31 - [MESSAGE][WARNING] - Timeout '0' is invalid. Using default page load timeout: '30'

08-01-2024T17:17:33 - [MESSAGE][PASSED] - Tapped on element 'Object Repository/UC03-UI03/android.widget.Button (3)'

08-01-2024T17:17:33 - [TEST_STEP][PASSED] - tap(findTestObject("Object Repository/UC03-UI03/android.widget.TextView - Create"), 0): Tapped on element 'Object Repository/UC03-UI03/android.widget.TextView - Create'

08-01-2024T17:17:33 - [MESSAGE][WARNING] - Timeout '0' is invalid. Using default page load timeout: '30'

08-01-2024T17:17:34 - [MESSAGE][PASSED] - Tapped on element 'Object Repository/UC03-UI03/android.widget.TextView - Create'

08-01-2024T17:17:34 - [TEST_STEP][PASSED] - verifyElementExist(findTestObject("Object Repository/UC03-UI03/android.widget.TextView - Error creating balance entry"), 0): Element 'Object Repository/UC03-UI03/android.widget.TextView - Error creating balance entry' is exist

08-01-2024T17:17:34 - [MESSAGE][WARNING] - Timeout '0' is invalid. Using default page load timeout: '30'

08-01-2024T17:17:35 - [MESSAGE][PASSED] - Element 'Object Repository/UC03-UI03/android.widget.TextView - Error creating balance entry' is exist

08-01-2024T17:17:35 - [TEST_STEP][PASSED] - closeApplication(): Close app successfully

08-01-2024T17:17:35 - [MESSAGE][PASSED] - Close app successfully]]></system-out>
         <system-err><![CDATA[]]></system-err>
      </testcase>
      <testcase name="Test Cases/UC03-UI03-Input2" time="42.456" classname="Test Cases/UC03-UI03-Input2" status="PASSED">
         <system-out><![CDATA[08-01-2024T17:17:35 - [TEST_CASE][PASSED] - Test Cases/UC03-UI03-Input2: Test Cases/UC03-UI03-Input2

08-01-2024T17:17:35 - [TEST_STEP][PASSED] - startExistingApplication("com.example.morello"): Starting app with application ID: 'com.example.morello'

08-01-2024T17:17:36 - [MESSAGE][INFO] - Detected NodeJS location: "C:\Program Files\nodejs\node.exe"

08-01-2024T17:17:41 - [MESSAGE][INFO] - PATH: C:\Program Files\nodejs;

08-01-2024T17:17:41 - [MESSAGE][INFO] - APPIUM_HOME: C:\Users\tansa\.appium

08-01-2024T17:17:41 - [MESSAGE][INFO] - appium outlog: D:\morello-app\test-automation\21125063\21125063\Reports\20240108_171259\21125063\20240108_171259\appium.log

08-01-2024T17:17:41 - [MESSAGE][INFO] - appium errlog: D:\morello-app\test-automation\21125063\21125063\Reports\20240108_171259\21125063\20240108_171259\appium_error.log

08-01-2024T17:17:44 - [MESSAGE][INFO] - Appium server started on port 18,396

08-01-2024T17:17:54 - [MESSAGE][PASSED] - Starting app with application ID: 'com.example.morello'

08-01-2024T17:17:54 - [TEST_STEP][PASSED] - takeScreenshot("C:\Users\tansa\AppData\Local\Temp\screenshot11681619649043454598.png"): Screenshot is taken

08-01-2024T17:17:55 - [MESSAGE][PASSED] - Screenshot is taken
[[ATTACHMENT|C:\Users\tansa\AppData\Local\Temp\screenshot11681619649043454598.png]]

08-01-2024T17:17:55 - [TEST_STEP][PASSED] - sendKeys(findTestObject("Object Repository/UC03-UI03/android.widget.EditText"), "admin@morello.app"): Send keys 'admin@morello.app' on test object 'Object Repository/UC03-UI03/android.widget.EditText' successfully.

08-01-2024T17:17:58 - [MESSAGE][PASSED] - Send keys 'admin@morello.app' on test object 'Object Repository/UC03-UI03/android.widget.EditText' successfully.

08-01-2024T17:17:58 - [TEST_STEP][PASSED] - sendKeys(findTestObject("Object Repository/UC03-UI03/android.widget.EditText (1)"), "admin"): Send keys 'admin' on test object 'Object Repository/UC03-UI03/android.widget.EditText (1)' successfully.

08-01-2024T17:17:58 - [MESSAGE][PASSED] - Send keys 'admin' on test object 'Object Repository/UC03-UI03/android.widget.EditText (1)' successfully.

08-01-2024T17:17:58 - [TEST_STEP][PASSED] - tap(findTestObject("Object Repository/UC03-UI03/android.widget.Button"), 0): Tapped on element 'Object Repository/UC03-UI03/android.widget.Button'

08-01-2024T17:17:58 - [MESSAGE][WARNING] - Timeout '0' is invalid. Using default page load timeout: '30'

08-01-2024T17:17:59 - [MESSAGE][PASSED] - Tapped on element 'Object Repository/UC03-UI03/android.widget.Button'

08-01-2024T17:17:59 - [TEST_STEP][PASSED] - takeScreenshot("C:\Users\tansa\AppData\Local\Temp\screenshot9247040380917115946.png"): Screenshot is taken

08-01-2024T17:18:00 - [MESSAGE][PASSED] - Screenshot is taken
[[ATTACHMENT|C:\Users\tansa\AppData\Local\Temp\screenshot9247040380917115946.png]]

08-01-2024T17:18:00 - [TEST_STEP][PASSED] - tap(findTestObject("Object Repository/UC03-UI03/android.view.View"), 0): Tapped on element 'Object Repository/UC03-UI03/android.view.View'

08-01-2024T17:18:00 - [MESSAGE][WARNING] - Timeout '0' is invalid. Using default page load timeout: '30'

08-01-2024T17:18:03 - [MESSAGE][PASSED] - Tapped on element 'Object Repository/UC03-UI03/android.view.View'

08-01-2024T17:18:03 - [TEST_STEP][PASSED] - takeScreenshot("C:\Users\tansa\AppData\Local\Temp\screenshot12377891300602375905.png"): Screenshot is taken

08-01-2024T17:18:04 - [MESSAGE][PASSED] - Screenshot is taken
[[ATTACHMENT|C:\Users\tansa\AppData\Local\Temp\screenshot12377891300602375905.png]]

08-01-2024T17:18:04 - [TEST_STEP][PASSED] - tap(findTestObject("Object Repository/UC03-UI03/android.widget.Button (1)"), 0): Tapped on element 'Object Repository/UC03-UI03/android.widget.Button (1)'

08-01-2024T17:18:04 - [MESSAGE][WARNING] - Timeout '0' is invalid. Using default page load timeout: '30'

08-01-2024T17:18:05 - [MESSAGE][PASSED] - Tapped on element 'Object Repository/UC03-UI03/android.widget.Button (1)'

08-01-2024T17:18:05 - [TEST_STEP][PASSED] - tap(findTestObject("Object Repository/UC03-UI03/android.widget.Button (1)"), 0): Tapped on element 'Object Repository/UC03-UI03/android.widget.Button (1)'

08-01-2024T17:18:05 - [MESSAGE][WARNING] - Timeout '0' is invalid. Using default page load timeout: '30'

08-01-2024T17:18:06 - [MESSAGE][PASSED] - Tapped on element 'Object Repository/UC03-UI03/android.widget.Button (1)'

08-01-2024T17:18:06 - [TEST_STEP][PASSED] - sendKeys(findTestObject("Object Repository/UC03-UI03/android.widget.EditText"), "123456"): Send keys '123456' on test object 'Object Repository/UC03-UI03/android.widget.EditText' successfully.

08-01-2024T17:18:08 - [MESSAGE][PASSED] - Send keys '123456' on test object 'Object Repository/UC03-UI03/android.widget.EditText' successfully.

08-01-2024T17:18:08 - [TEST_STEP][PASSED] - sendKeys(findTestObject("Object Repository/UC03-UI03/android.widget.EditText (1)"), "Hello"): Send keys 'Hello' on test object 'Object Repository/UC03-UI03/android.widget.EditText (1)' successfully.

08-01-2024T17:18:09 - [MESSAGE][PASSED] - Send keys 'Hello' on test object 'Object Repository/UC03-UI03/android.widget.EditText (1)' successfully.

08-01-2024T17:18:09 - [TEST_STEP][PASSED] - tap(findTestObject("Object Repository/UC03-UI03/android.widget.Button"), 0): Tapped on element 'Object Repository/UC03-UI03/android.widget.Button'

08-01-2024T17:18:09 - [MESSAGE][WARNING] - Timeout '0' is invalid. Using default page load timeout: '30'

08-01-2024T17:18:10 - [MESSAGE][PASSED] - Tapped on element 'Object Repository/UC03-UI03/android.widget.Button'

08-01-2024T17:18:10 - [TEST_STEP][PASSED] - tap(findTestObject("Object Repository/UC03-UI03/android.widget.Button (2)"), 0): Tapped on element 'Object Repository/UC03-UI03/android.widget.Button (2)'

08-01-2024T17:18:10 - [MESSAGE][WARNING] - Timeout '0' is invalid. Using default page load timeout: '30'

08-01-2024T17:18:13 - [MESSAGE][PASSED] - Tapped on element 'Object Repository/UC03-UI03/android.widget.Button (2)'

08-01-2024T17:18:13 - [TEST_STEP][PASSED] - tap(findTestObject("Object Repository/UC03-UI03/android.widget.Button (3)"), 0): Tapped on element 'Object Repository/UC03-UI03/android.widget.Button (3)'

08-01-2024T17:18:13 - [MESSAGE][WARNING] - Timeout '0' is invalid. Using default page load timeout: '30'

08-01-2024T17:18:15 - [MESSAGE][PASSED] - Tapped on element 'Object Repository/UC03-UI03/android.widget.Button (3)'

08-01-2024T17:18:15 - [TEST_STEP][PASSED] - tap(findTestObject("Object Repository/UC03-UI03/android.widget.TextView - Create"), 0): Tapped on element 'Object Repository/UC03-UI03/android.widget.TextView - Create'

08-01-2024T17:18:15 - [MESSAGE][WARNING] - Timeout '0' is invalid. Using default page load timeout: '30'

08-01-2024T17:18:16 - [MESSAGE][PASSED] - Tapped on element 'Object Repository/UC03-UI03/android.widget.TextView - Create'

08-01-2024T17:18:16 - [TEST_STEP][PASSED] - verifyElementExist(findTestObject("Object Repository/UC03-UI03/android.widget.TextView - Error creating balance entry"), 0): Element 'Object Repository/UC03-UI03/android.widget.TextView - Error creating balance entry' is exist

08-01-2024T17:18:16 - [MESSAGE][WARNING] - Timeout '0' is invalid. Using default page load timeout: '30'

08-01-2024T17:18:17 - [MESSAGE][PASSED] - Element 'Object Repository/UC03-UI03/android.widget.TextView - Error creating balance entry' is exist

08-01-2024T17:18:17 - [TEST_STEP][PASSED] - closeApplication(): Close app successfully

08-01-2024T17:18:18 - [MESSAGE][PASSED] - Close app successfully]]></system-out>
         <system-err><![CDATA[]]></system-err>
      </testcase>
      <testcase name="Test Cases/UC03-UI03-Input3" time="40.01" classname="Test Cases/UC03-UI03-Input3" status="PASSED">
         <system-out><![CDATA[08-01-2024T17:18:18 - [TEST_CASE][PASSED] - Test Cases/UC03-UI03-Input3: Test Cases/UC03-UI03-Input3

08-01-2024T17:18:18 - [TEST_STEP][PASSED] - startExistingApplication("com.example.morello"): Starting app with application ID: 'com.example.morello'

08-01-2024T17:18:18 - [MESSAGE][INFO] - Detected NodeJS location: "C:\Program Files\nodejs\node.exe"

08-01-2024T17:18:23 - [MESSAGE][INFO] - PATH: C:\Program Files\nodejs;

08-01-2024T17:18:23 - [MESSAGE][INFO] - APPIUM_HOME: C:\Users\tansa\.appium

08-01-2024T17:18:23 - [MESSAGE][INFO] - appium outlog: D:\morello-app\test-automation\21125063\21125063\Reports\20240108_171259\21125063\20240108_171259\appium.log

08-01-2024T17:18:23 - [MESSAGE][INFO] - appium errlog: D:\morello-app\test-automation\21125063\21125063\Reports\20240108_171259\21125063\20240108_171259\appium_error.log

08-01-2024T17:18:25 - [MESSAGE][INFO] - Appium server started on port 1,428

08-01-2024T17:18:35 - [MESSAGE][PASSED] - Starting app with application ID: 'com.example.morello'

08-01-2024T17:18:35 - [TEST_STEP][PASSED] - takeScreenshot("C:\Users\tansa\AppData\Local\Temp\screenshot11681619649043454598.png"): Screenshot is taken

08-01-2024T17:18:36 - [MESSAGE][PASSED] - Screenshot is taken
[[ATTACHMENT|C:\Users\tansa\AppData\Local\Temp\screenshot11681619649043454598.png]]

08-01-2024T17:18:36 - [TEST_STEP][PASSED] - sendKeys(findTestObject("Object Repository/UC03-UI03/android.widget.EditText"), "admin@morello.app"): Send keys 'admin@morello.app' on test object 'Object Repository/UC03-UI03/android.widget.EditText' successfully.

08-01-2024T17:18:38 - [MESSAGE][PASSED] - Send keys 'admin@morello.app' on test object 'Object Repository/UC03-UI03/android.widget.EditText' successfully.

08-01-2024T17:18:38 - [TEST_STEP][PASSED] - sendKeys(findTestObject("Object Repository/UC03-UI03/android.widget.EditText (1)"), "admin"): Send keys 'admin' on test object 'Object Repository/UC03-UI03/android.widget.EditText (1)' successfully.

08-01-2024T17:18:39 - [MESSAGE][PASSED] - Send keys 'admin' on test object 'Object Repository/UC03-UI03/android.widget.EditText (1)' successfully.

08-01-2024T17:18:39 - [TEST_STEP][PASSED] - tap(findTestObject("Object Repository/UC03-UI03/android.widget.Button"), 0): Tapped on element 'Object Repository/UC03-UI03/android.widget.Button'

08-01-2024T17:18:39 - [MESSAGE][WARNING] - Timeout '0' is invalid. Using default page load timeout: '30'

08-01-2024T17:18:40 - [MESSAGE][PASSED] - Tapped on element 'Object Repository/UC03-UI03/android.widget.Button'

08-01-2024T17:18:40 - [TEST_STEP][PASSED] - takeScreenshot("C:\Users\tansa\AppData\Local\Temp\screenshot9247040380917115946.png"): Screenshot is taken

08-01-2024T17:18:41 - [MESSAGE][PASSED] - Screenshot is taken
[[ATTACHMENT|C:\Users\tansa\AppData\Local\Temp\screenshot9247040380917115946.png]]

08-01-2024T17:18:41 - [TEST_STEP][PASSED] - tap(findTestObject("Object Repository/UC03-UI03/android.view.View"), 0): Tapped on element 'Object Repository/UC03-UI03/android.view.View'

08-01-2024T17:18:41 - [MESSAGE][WARNING] - Timeout '0' is invalid. Using default page load timeout: '30'

08-01-2024T17:18:43 - [MESSAGE][PASSED] - Tapped on element 'Object Repository/UC03-UI03/android.view.View'

08-01-2024T17:18:43 - [TEST_STEP][PASSED] - takeScreenshot("C:\Users\tansa\AppData\Local\Temp\screenshot12377891300602375905.png"): Screenshot is taken

08-01-2024T17:18:44 - [MESSAGE][PASSED] - Screenshot is taken
[[ATTACHMENT|C:\Users\tansa\AppData\Local\Temp\screenshot12377891300602375905.png]]

08-01-2024T17:18:44 - [TEST_STEP][PASSED] - tap(findTestObject("Object Repository/UC03-UI03/android.widget.Button (1)"), 0): Tapped on element 'Object Repository/UC03-UI03/android.widget.Button (1)'

08-01-2024T17:18:44 - [MESSAGE][WARNING] - Timeout '0' is invalid. Using default page load timeout: '30'

08-01-2024T17:18:46 - [MESSAGE][PASSED] - Tapped on element 'Object Repository/UC03-UI03/android.widget.Button (1)'

08-01-2024T17:18:46 - [TEST_STEP][PASSED] - tap(findTestObject("Object Repository/UC03-UI03/android.widget.Button (1)"), 0): Tapped on element 'Object Repository/UC03-UI03/android.widget.Button (1)'

08-01-2024T17:18:46 - [MESSAGE][WARNING] - Timeout '0' is invalid. Using default page load timeout: '30'

08-01-2024T17:18:47 - [MESSAGE][PASSED] - Tapped on element 'Object Repository/UC03-UI03/android.widget.Button (1)'

08-01-2024T17:18:47 - [TEST_STEP][PASSED] - sendKeys(findTestObject("Object Repository/UC03-UI03/android.widget.EditText"), "654321"): Send keys '654321' on test object 'Object Repository/UC03-UI03/android.widget.EditText' successfully.

08-01-2024T17:18:48 - [MESSAGE][PASSED] - Send keys '654321' on test object 'Object Repository/UC03-UI03/android.widget.EditText' successfully.

08-01-2024T17:18:48 - [TEST_STEP][PASSED] - sendKeys(findTestObject("Object Repository/UC03-UI03/android.widget.EditText (1)"), "Allo"): Send keys 'Allo' on test object 'Object Repository/UC03-UI03/android.widget.EditText (1)' successfully.

08-01-2024T17:18:50 - [MESSAGE][PASSED] - Send keys 'Allo' on test object 'Object Repository/UC03-UI03/android.widget.EditText (1)' successfully.

08-01-2024T17:18:50 - [TEST_STEP][PASSED] - tap(findTestObject("Object Repository/UC03-UI03/android.widget.Button"), 0): Tapped on element 'Object Repository/UC03-UI03/android.widget.Button'

08-01-2024T17:18:50 - [MESSAGE][WARNING] - Timeout '0' is invalid. Using default page load timeout: '30'

08-01-2024T17:18:50 - [MESSAGE][PASSED] - Tapped on element 'Object Repository/UC03-UI03/android.widget.Button'

08-01-2024T17:18:50 - [TEST_STEP][PASSED] - tap(findTestObject("Object Repository/UC03-UI03/android.widget.Button (2)"), 0): Tapped on element 'Object Repository/UC03-UI03/android.widget.Button (2)'

08-01-2024T17:18:50 - [MESSAGE][WARNING] - Timeout '0' is invalid. Using default page load timeout: '30'

08-01-2024T17:18:52 - [MESSAGE][PASSED] - Tapped on element 'Object Repository/UC03-UI03/android.widget.Button (2)'

08-01-2024T17:18:52 - [TEST_STEP][PASSED] - tap(findTestObject("Object Repository/UC03-UI03/android.widget.Button (3)"), 0): Tapped on element 'Object Repository/UC03-UI03/android.widget.Button (3)'

08-01-2024T17:18:52 - [MESSAGE][WARNING] - Timeout '0' is invalid. Using default page load timeout: '30'

08-01-2024T17:18:54 - [MESSAGE][PASSED] - Tapped on element 'Object Repository/UC03-UI03/android.widget.Button (3)'

08-01-2024T17:18:54 - [TEST_STEP][PASSED] - tap(findTestObject("Object Repository/UC03-UI03/android.widget.TextView - Create"), 0): Tapped on element 'Object Repository/UC03-UI03/android.widget.TextView - Create'

08-01-2024T17:18:55 - [MESSAGE][WARNING] - Timeout '0' is invalid. Using default page load timeout: '30'

08-01-2024T17:18:56 - [MESSAGE][PASSED] - Tapped on element 'Object Repository/UC03-UI03/android.widget.TextView - Create'

08-01-2024T17:18:56 - [TEST_STEP][PASSED] - verifyElementExist(findTestObject("Object Repository/UC03-UI03/android.widget.TextView - Error creating balance entry"), 0): Element 'Object Repository/UC03-UI03/android.widget.TextView - Error creating balance entry' is exist

08-01-2024T17:18:56 - [MESSAGE][WARNING] - Timeout '0' is invalid. Using default page load timeout: '30'

08-01-2024T17:18:57 - [MESSAGE][PASSED] - Element 'Object Repository/UC03-UI03/android.widget.TextView - Error creating balance entry' is exist

08-01-2024T17:18:57 - [TEST_STEP][PASSED] - closeApplication(): Close app successfully

08-01-2024T17:18:58 - [MESSAGE][PASSED] - Close app successfully]]></system-out>
         <system-err><![CDATA[]]></system-err>
      </testcase>
      <testcase name="Test Cases/UC03-UI03-Input4" time="43.206" classname="Test Cases/UC03-UI03-Input4" status="PASSED">
         <system-out><![CDATA[08-01-2024T17:18:58 - [TEST_CASE][PASSED] - Test Cases/UC03-UI03-Input4: Test Cases/UC03-UI03-Input4

08-01-2024T17:18:58 - [TEST_STEP][PASSED] - startExistingApplication("com.example.morello"): Starting app with application ID: 'com.example.morello'

08-01-2024T17:18:58 - [MESSAGE][INFO] - Detected NodeJS location: "C:\Program Files\nodejs\node.exe"

08-01-2024T17:19:03 - [MESSAGE][INFO] - PATH: C:\Program Files\nodejs;

08-01-2024T17:19:03 - [MESSAGE][INFO] - APPIUM_HOME: C:\Users\tansa\.appium

08-01-2024T17:19:03 - [MESSAGE][INFO] - appium outlog: D:\morello-app\test-automation\21125063\21125063\Reports\20240108_171259\21125063\20240108_171259\appium.log

08-01-2024T17:19:03 - [MESSAGE][INFO] - appium errlog: D:\morello-app\test-automation\21125063\21125063\Reports\20240108_171259\21125063\20240108_171259\appium_error.log

08-01-2024T17:19:07 - [MESSAGE][INFO] - Appium server started on port 1,858

08-01-2024T17:19:17 - [MESSAGE][PASSED] - Starting app with application ID: 'com.example.morello'

08-01-2024T17:19:17 - [TEST_STEP][PASSED] - takeScreenshot("C:\Users\tansa\AppData\Local\Temp\screenshot11681619649043454598.png"): Screenshot is taken

08-01-2024T17:19:18 - [MESSAGE][PASSED] - Screenshot is taken
[[ATTACHMENT|C:\Users\tansa\AppData\Local\Temp\screenshot11681619649043454598.png]]

08-01-2024T17:19:18 - [TEST_STEP][PASSED] - sendKeys(findTestObject("Object Repository/UC03-UI03/android.widget.EditText"), "admin@morello.app"): Send keys 'admin@morello.app' on test object 'Object Repository/UC03-UI03/android.widget.EditText' successfully.

08-01-2024T17:19:20 - [MESSAGE][PASSED] - Send keys 'admin@morello.app' on test object 'Object Repository/UC03-UI03/android.widget.EditText' successfully.

08-01-2024T17:19:20 - [TEST_STEP][PASSED] - sendKeys(findTestObject("Object Repository/UC03-UI03/android.widget.EditText (1)"), "admin"): Send keys 'admin' on test object 'Object Repository/UC03-UI03/android.widget.EditText (1)' successfully.

08-01-2024T17:19:21 - [MESSAGE][PASSED] - Send keys 'admin' on test object 'Object Repository/UC03-UI03/android.widget.EditText (1)' successfully.

08-01-2024T17:19:21 - [TEST_STEP][PASSED] - tap(findTestObject("Object Repository/UC03-UI03/android.widget.Button"), 0): Tapped on element 'Object Repository/UC03-UI03/android.widget.Button'

08-01-2024T17:19:22 - [MESSAGE][WARNING] - Timeout '0' is invalid. Using default page load timeout: '30'

08-01-2024T17:19:22 - [MESSAGE][PASSED] - Tapped on element 'Object Repository/UC03-UI03/android.widget.Button'

08-01-2024T17:19:22 - [TEST_STEP][PASSED] - takeScreenshot("C:\Users\tansa\AppData\Local\Temp\screenshot9247040380917115946.png"): Screenshot is taken

08-01-2024T17:19:23 - [MESSAGE][PASSED] - Screenshot is taken
[[ATTACHMENT|C:\Users\tansa\AppData\Local\Temp\screenshot9247040380917115946.png]]

08-01-2024T17:19:23 - [TEST_STEP][PASSED] - tap(findTestObject("Object Repository/UC03-UI03/android.view.View"), 0): Tapped on element 'Object Repository/UC03-UI03/android.view.View'

08-01-2024T17:19:23 - [MESSAGE][WARNING] - Timeout '0' is invalid. Using default page load timeout: '30'

08-01-2024T17:19:26 - [MESSAGE][PASSED] - Tapped on element 'Object Repository/UC03-UI03/android.view.View'

08-01-2024T17:19:26 - [TEST_STEP][PASSED] - takeScreenshot("C:\Users\tansa\AppData\Local\Temp\screenshot12377891300602375905.png"): Screenshot is taken

08-01-2024T17:19:27 - [MESSAGE][PASSED] - Screenshot is taken
[[ATTACHMENT|C:\Users\tansa\AppData\Local\Temp\screenshot12377891300602375905.png]]

08-01-2024T17:19:27 - [TEST_STEP][PASSED] - tap(findTestObject("Object Repository/UC03-UI03/android.widget.Button (1)"), 0): Tapped on element 'Object Repository/UC03-UI03/android.widget.Button (1)'

08-01-2024T17:19:27 - [MESSAGE][WARNING] - Timeout '0' is invalid. Using default page load timeout: '30'

08-01-2024T17:19:28 - [MESSAGE][PASSED] - Tapped on element 'Object Repository/UC03-UI03/android.widget.Button (1)'

08-01-2024T17:19:28 - [TEST_STEP][PASSED] - tap(findTestObject("Object Repository/UC03-UI03/android.widget.Button (1)"), 0): Tapped on element 'Object Repository/UC03-UI03/android.widget.Button (1)'

08-01-2024T17:19:28 - [MESSAGE][WARNING] - Timeout '0' is invalid. Using default page load timeout: '30'

08-01-2024T17:19:30 - [MESSAGE][PASSED] - Tapped on element 'Object Repository/UC03-UI03/android.widget.Button (1)'

08-01-2024T17:19:30 - [TEST_STEP][PASSED] - sendKeys(findTestObject("Object Repository/UC03-UI03/android.widget.EditText"), "333333"): Send keys '333333' on test object 'Object Repository/UC03-UI03/android.widget.EditText' successfully.

08-01-2024T17:19:31 - [MESSAGE][PASSED] - Send keys '333333' on test object 'Object Repository/UC03-UI03/android.widget.EditText' successfully.

08-01-2024T17:19:31 - [TEST_STEP][PASSED] - sendKeys(findTestObject("Object Repository/UC03-UI03/android.widget.EditText (1)"), "Okela"): Send keys 'Okela' on test object 'Object Repository/UC03-UI03/android.widget.EditText (1)' successfully.

08-01-2024T17:19:32 - [MESSAGE][PASSED] - Send keys 'Okela' on test object 'Object Repository/UC03-UI03/android.widget.EditText (1)' successfully.

08-01-2024T17:19:32 - [TEST_STEP][PASSED] - tap(findTestObject("Object Repository/UC03-UI03/android.widget.Button"), 0): Tapped on element 'Object Repository/UC03-UI03/android.widget.Button'

08-01-2024T17:19:32 - [MESSAGE][WARNING] - Timeout '0' is invalid. Using default page load timeout: '30'

08-01-2024T17:19:34 - [MESSAGE][PASSED] - Tapped on element 'Object Repository/UC03-UI03/android.widget.Button'

08-01-2024T17:19:34 - [TEST_STEP][PASSED] - tap(findTestObject("Object Repository/UC03-UI03/android.widget.Button (2)"), 0): Tapped on element 'Object Repository/UC03-UI03/android.widget.Button (2)'

08-01-2024T17:19:34 - [MESSAGE][WARNING] - Timeout '0' is invalid. Using default page load timeout: '30'

08-01-2024T17:19:36 - [MESSAGE][PASSED] - Tapped on element 'Object Repository/UC03-UI03/android.widget.Button (2)'

08-01-2024T17:19:36 - [TEST_STEP][PASSED] - tap(findTestObject("Object Repository/UC03-UI03/android.widget.Button (3)"), 0): Tapped on element 'Object Repository/UC03-UI03/android.widget.Button (3)'

08-01-2024T17:19:36 - [MESSAGE][WARNING] - Timeout '0' is invalid. Using default page load timeout: '30'

08-01-2024T17:19:38 - [MESSAGE][PASSED] - Tapped on element 'Object Repository/UC03-UI03/android.widget.Button (3)'

08-01-2024T17:19:38 - [TEST_STEP][PASSED] - tap(findTestObject("Object Repository/UC03-UI03/android.widget.TextView - Create"), 0): Tapped on element 'Object Repository/UC03-UI03/android.widget.TextView - Create'

08-01-2024T17:19:38 - [MESSAGE][WARNING] - Timeout '0' is invalid. Using default page load timeout: '30'

08-01-2024T17:19:39 - [MESSAGE][PASSED] - Tapped on element 'Object Repository/UC03-UI03/android.widget.TextView - Create'

08-01-2024T17:19:39 - [TEST_STEP][PASSED] - verifyElementExist(findTestObject("Object Repository/UC03-UI03/android.widget.TextView - Error creating balance entry"), 0): Element 'Object Repository/UC03-UI03/android.widget.TextView - Error creating balance entry' is exist

08-01-2024T17:19:39 - [MESSAGE][WARNING] - Timeout '0' is invalid. Using default page load timeout: '30'

08-01-2024T17:19:40 - [MESSAGE][PASSED] - Element 'Object Repository/UC03-UI03/android.widget.TextView - Error creating balance entry' is exist

08-01-2024T17:19:40 - [TEST_STEP][PASSED] - closeApplication(): Close app successfully

08-01-2024T17:19:41 - [MESSAGE][PASSED] - Close app successfully]]></system-out>
         <system-err><![CDATA[]]></system-err>
      </testcase>
      <testcase name="Test Cases/UC03-UI03-Input5" time="40.597" classname="Test Cases/UC03-UI03-Input5" status="PASSED">
         <system-out><![CDATA[08-01-2024T17:19:41 - [TEST_CASE][PASSED] - Test Cases/UC03-UI03-Input5: Test Cases/UC03-UI03-Input5

08-01-2024T17:19:41 - [TEST_STEP][PASSED] - startExistingApplication("com.example.morello"): Starting app with application ID: 'com.example.morello'

08-01-2024T17:19:41 - [MESSAGE][INFO] - Detected NodeJS location: "C:\Program Files\nodejs\node.exe"

08-01-2024T17:19:47 - [MESSAGE][INFO] - PATH: C:\Program Files\nodejs;

08-01-2024T17:19:47 - [MESSAGE][INFO] - APPIUM_HOME: C:\Users\tansa\.appium

08-01-2024T17:19:47 - [MESSAGE][INFO] - appium outlog: D:\morello-app\test-automation\21125063\21125063\Reports\20240108_171259\21125063\20240108_171259\appium.log

08-01-2024T17:19:47 - [MESSAGE][INFO] - appium errlog: D:\morello-app\test-automation\21125063\21125063\Reports\20240108_171259\21125063\20240108_171259\appium_error.log

08-01-2024T17:19:49 - [MESSAGE][INFO] - Appium server started on port 2,184

08-01-2024T17:19:58 - [MESSAGE][PASSED] - Starting app with application ID: 'com.example.morello'

08-01-2024T17:19:58 - [TEST_STEP][PASSED] - takeScreenshot("C:\Users\tansa\AppData\Local\Temp\screenshot11681619649043454598.png"): Screenshot is taken

08-01-2024T17:19:59 - [MESSAGE][PASSED] - Screenshot is taken
[[ATTACHMENT|C:\Users\tansa\AppData\Local\Temp\screenshot11681619649043454598.png]]

08-01-2024T17:19:59 - [TEST_STEP][PASSED] - sendKeys(findTestObject("Object Repository/UC03-UI03/android.widget.EditText"), "admin@morello.app"): Send keys 'admin@morello.app' on test object 'Object Repository/UC03-UI03/android.widget.EditText' successfully.

08-01-2024T17:20:01 - [MESSAGE][PASSED] - Send keys 'admin@morello.app' on test object 'Object Repository/UC03-UI03/android.widget.EditText' successfully.

08-01-2024T17:20:01 - [TEST_STEP][PASSED] - sendKeys(findTestObject("Object Repository/UC03-UI03/android.widget.EditText (1)"), "admin"): Send keys 'admin' on test object 'Object Repository/UC03-UI03/android.widget.EditText (1)' successfully.

08-01-2024T17:20:02 - [MESSAGE][PASSED] - Send keys 'admin' on test object 'Object Repository/UC03-UI03/android.widget.EditText (1)' successfully.

08-01-2024T17:20:02 - [TEST_STEP][PASSED] - tap(findTestObject("Object Repository/UC03-UI03/android.widget.Button"), 0): Tapped on element 'Object Repository/UC03-UI03/android.widget.Button'

08-01-2024T17:20:02 - [MESSAGE][WARNING] - Timeout '0' is invalid. Using default page load timeout: '30'

08-01-2024T17:20:03 - [MESSAGE][PASSED] - Tapped on element 'Object Repository/UC03-UI03/android.widget.Button'

08-01-2024T17:20:03 - [TEST_STEP][PASSED] - takeScreenshot("C:\Users\tansa\AppData\Local\Temp\screenshot9247040380917115946.png"): Screenshot is taken

08-01-2024T17:20:04 - [MESSAGE][PASSED] - Screenshot is taken
[[ATTACHMENT|C:\Users\tansa\AppData\Local\Temp\screenshot9247040380917115946.png]]

08-01-2024T17:20:04 - [TEST_STEP][PASSED] - tap(findTestObject("Object Repository/UC03-UI03/android.view.View"), 0): Tapped on element 'Object Repository/UC03-UI03/android.view.View'

08-01-2024T17:20:04 - [MESSAGE][WARNING] - Timeout '0' is invalid. Using default page load timeout: '30'

08-01-2024T17:20:07 - [MESSAGE][PASSED] - Tapped on element 'Object Repository/UC03-UI03/android.view.View'

08-01-2024T17:20:07 - [TEST_STEP][PASSED] - takeScreenshot("C:\Users\tansa\AppData\Local\Temp\screenshot12377891300602375905.png"): Screenshot is taken

08-01-2024T17:20:08 - [MESSAGE][PASSED] - Screenshot is taken
[[ATTACHMENT|C:\Users\tansa\AppData\Local\Temp\screenshot12377891300602375905.png]]

08-01-2024T17:20:08 - [TEST_STEP][PASSED] - tap(findTestObject("Object Repository/UC03-UI03/android.widget.Button (1)"), 0): Tapped on element 'Object Repository/UC03-UI03/android.widget.Button (1)'

08-01-2024T17:20:08 - [MESSAGE][WARNING] - Timeout '0' is invalid. Using default page load timeout: '30'

08-01-2024T17:20:09 - [MESSAGE][PASSED] - Tapped on element 'Object Repository/UC03-UI03/android.widget.Button (1)'

08-01-2024T17:20:09 - [TEST_STEP][PASSED] - tap(findTestObject("Object Repository/UC03-UI03/android.widget.Button (1)"), 0): Tapped on element 'Object Repository/UC03-UI03/android.widget.Button (1)'

08-01-2024T17:20:09 - [MESSAGE][WARNING] - Timeout '0' is invalid. Using default page load timeout: '30'

08-01-2024T17:20:10 - [MESSAGE][PASSED] - Tapped on element 'Object Repository/UC03-UI03/android.widget.Button (1)'

08-01-2024T17:20:10 - [TEST_STEP][PASSED] - sendKeys(findTestObject("Object Repository/UC03-UI03/android.widget.EditText"), "65235"): Send keys '65235' on test object 'Object Repository/UC03-UI03/android.widget.EditText' successfully.

08-01-2024T17:20:12 - [MESSAGE][PASSED] - Send keys '65235' on test object 'Object Repository/UC03-UI03/android.widget.EditText' successfully.

08-01-2024T17:20:12 - [TEST_STEP][PASSED] - sendKeys(findTestObject("Object Repository/UC03-UI03/android.widget.EditText (1)"), "Hello guys"): Send keys 'Hello guys' on test object 'Object Repository/UC03-UI03/android.widget.EditText (1)' successfully.

08-01-2024T17:20:13 - [MESSAGE][PASSED] - Send keys 'Hello guys' on test object 'Object Repository/UC03-UI03/android.widget.EditText (1)' successfully.

08-01-2024T17:20:13 - [TEST_STEP][PASSED] - tap(findTestObject("Object Repository/UC03-UI03/android.widget.Button"), 0): Tapped on element 'Object Repository/UC03-UI03/android.widget.Button'

08-01-2024T17:20:13 - [MESSAGE][WARNING] - Timeout '0' is invalid. Using default page load timeout: '30'

08-01-2024T17:20:14 - [MESSAGE][PASSED] - Tapped on element 'Object Repository/UC03-UI03/android.widget.Button'

08-01-2024T17:20:14 - [TEST_STEP][PASSED] - tap(findTestObject("Object Repository/UC03-UI03/android.widget.Button (2)"), 0): Tapped on element 'Object Repository/UC03-UI03/android.widget.Button (2)'

08-01-2024T17:20:14 - [MESSAGE][WARNING] - Timeout '0' is invalid. Using default page load timeout: '30'

08-01-2024T17:20:17 - [MESSAGE][PASSED] - Tapped on element 'Object Repository/UC03-UI03/android.widget.Button (2)'

08-01-2024T17:20:17 - [TEST_STEP][PASSED] - tap(findTestObject("Object Repository/UC03-UI03/android.widget.Button (3)"), 0): Tapped on element 'Object Repository/UC03-UI03/android.widget.Button (3)'

08-01-2024T17:20:17 - [MESSAGE][WARNING] - Timeout '0' is invalid. Using default page load timeout: '30'

08-01-2024T17:20:19 - [MESSAGE][PASSED] - Tapped on element 'Object Repository/UC03-UI03/android.widget.Button (3)'

08-01-2024T17:20:19 - [TEST_STEP][PASSED] - tap(findTestObject("Object Repository/UC03-UI03/android.widget.TextView - Create"), 0): Tapped on element 'Object Repository/UC03-UI03/android.widget.TextView - Create'

08-01-2024T17:20:19 - [MESSAGE][WARNING] - Timeout '0' is invalid. Using default page load timeout: '30'

08-01-2024T17:20:20 - [MESSAGE][PASSED] - Tapped on element 'Object Repository/UC03-UI03/android.widget.TextView - Create'

08-01-2024T17:20:20 - [TEST_STEP][PASSED] - verifyElementExist(findTestObject("Object Repository/UC03-UI03/android.widget.TextView - Error creating balance entry"), 0): Element 'Object Repository/UC03-UI03/android.widget.TextView - Error creating balance entry' is exist

08-01-2024T17:20:20 - [MESSAGE][WARNING] - Timeout '0' is invalid. Using default page load timeout: '30'

08-01-2024T17:20:21 - [MESSAGE][PASSED] - Element 'Object Repository/UC03-UI03/android.widget.TextView - Error creating balance entry' is exist

08-01-2024T17:20:21 - [TEST_STEP][PASSED] - closeApplication(): Close app successfully

08-01-2024T17:20:21 - [MESSAGE][PASSED] - Close app successfully]]></system-out>
         <system-err><![CDATA[]]></system-err>
      </testcase>
      <system-out><![CDATA[08-01-2024T17:13:05 - [TEST_SUITE][PASSED] - 21125063: Test Cases/UC03-UI03-Input5]]></system-out>
      <system-err><![CDATA[]]></system-err>
   </testsuite>
</testsuites>
